mads 2.0.6 build 58 (28 Jan 17)
     1 				; "1x1 scroll, example 4", Atari XL/XE Intro
     2 				;
     3 				; what it does:
     4 				; - 1x1-character scroll in ANTIC mode 2
     5 				; - supports up to 256 unique 1x1-fonts
     6 				; - fonts come from several separate input font sets
     7 				; - length of scroll is limited by available memory only
     8 				;
     9 				; code by tr1x / Agenda
    10 				; requirements: original Atari XL/XE 64KB PAL
    11 				; version: 1.0
    12 				; date: 2020-05-24
    13
    14 = 4000			video	equ $4000
    15 = 8000			charset	equ $8000
    16
    17 = 0012			rtclok	equ $0012
    18 = 00C0			txtptr	equ $00c0
    19 = 00C2			srcaddr	equ $00c2
    20 = 00C4			dstaddr	equ $00c4
    21 = 0200			vdslst	equ $0200
    22 = 0230			sdlstl	equ $0230
    23 = 02F4			chbas	equ $02f4
    24 = D404			hscrol	equ $d404
    25 = D40A			wsync	equ $d40a
    26 = D40B			vcount	equ $d40b
    27
    28 					org $600
    29
    30 					; set display list
    31 FFFF> 0600-06AB> A9 A3		lda #<dlist
    32 0602 8D 30 02			sta sdlstl
    33 0605 A9 06			lda #>dlist
    34 0607 8D 31 02			sta sdlstl+1
    35
    36 					; initialize text pointer to the first character of scroll text
    37 060A A9 00			lda <text
    38 060C 85 C0			sta txtptr
    39 060E A9 09			lda >text
    40 0610 85 C1			sta txtptr+1
    41
    42 					; set character set
    43 0612 A9 80			lda #>charset
    44 0614 8D F4 02			sta chbas
    45
    46 0617 A2 03			ldx #$03
    47 0619 8E 04 D4		main	stx hscrol
    48
    49 					; delay
    50 061C A5 14			lda rtclok+2
    51 061E C5 14		delay	cmp rtclok+2
    52 0620 F0 FC			beq delay
    53
    54 0622 CA				dex
    55 0623 10 F4			bpl main
    56 0625 A2 03			ldx #$03
    57 0627 8E 04 D4			stx hscrol
    58
    59 					; source address of character look data
    60 062A A9 00			lda #$00
    61 062C 85 C3			sta srcaddr+1
    62 062E A0 00			ldy #$00
    63 0630 B1 C0			lda (txtptr),y
    64 0632 0A				asl
    65 0633 26 C3			rol srcaddr+1
    66 0635 0A				asl
    67 0636 26 C3			rol srcaddr+1
    68 0638 0A				asl
    69 0639 85 C2			sta srcaddr
    70 063B 26 C3			rol srcaddr+1
    71
    72 063D A9 00			lda #<fonts
    73 063F 18				clc
    74 0640 65 C2			adc srcaddr
    75 0642 85 C2			sta srcaddr
    76 0644 A9 70			lda #>fonts
    77 0646 65 C3			adc srcaddr+1
    78 0648 85 C3			sta srcaddr+1
    79
    80 					; destination address to copy character look data to
    81 					; (it can be optimized greatly)
    82 064A A9 00			lda #$00
    83 064C 85 C5			sta dstaddr+1
    84 064E A0 00			ldy #$00
    85 0650 AD 2C 40			lda video+$2c
    86 0653 0A				asl
    87 0654 26 C5			rol dstaddr+1
    88 0656 0A				asl
    89 0657 26 C5			rol dstaddr+1
    90 0659 0A				asl
    91 065A 85 C4			sta dstaddr
    92 065C 26 C5			rol dstaddr+1
    93
    94 065E A9 80			lda #>charset
    95 0660 18				clc
    96 0661 65 C5			adc dstaddr+1
    97 0663 85 C5			sta dstaddr+1
    98
    99 					; copy 8 bytes of character look data from source to destination
   100 0665 A0 07			ldy #$07
   101 0667 B1 C2		loop	lda (srcaddr),y
   102 0669 91 C4			sta (dstaddr),y
   103 066B 88				dey
   104 066C 10 F9			bpl loop
   105
   106 					; move data in viewport one character left
   107 066E A0 00			ldy #$00
   108 0670 B9 01 40		move	lda video+1,y
   109 0673 99 00 40			sta video,y
   110 0676 C8				iny
   111 0677 C0 2C			cpy #$2c
   112 0679 D0 F5			bne move
   113
   114 					; put new spare character
   115 067B AD 2B 40			lda video+$2b
   116 067E 18				clc
   117 067F 69 01			adc #$01
   118 0681 29 7F			and #$7f
   119 0683 8D 2C 40			sta video+$2c
   120
   121 					; point to the next character of scroll text
   122 0686 E6 C0			inc txtptr
   123 0688 D0 02			bne skip
   124 068A E6 C1			inc txtptr+1
   125 068C			skip
   126
   127 					; check if it is the end of scroll text
   128 068C A5 C0			lda txtptr
   129 068E C9 59			cmp #<textend
   130 0690 D0 87			bne main
   131 0692 A5 C1			lda txtptr+1
   132 0694 C9 0A			cmp #>textend
   133 0696 D0 81			bne main
   134
   135 					; initialize text pointer to the first character of scroll text
   136 0698 A9 00			lda <text
   137 069A 85 C0			sta txtptr
   138 069C A9 09			lda >text
   139 069E 85 C1			sta txtptr+1
   140
   141 06A0 4C 19 06			jmp main
   142
   143
   144 					; display list
   145 06A3 70 70 70		dlist	.byte $70, $70, $70		; 24 blank lines
   146 06A6 52				.byte $02 | $40 | $10		; mode 2 + LMS + HSCROLL
   147 06A7 00 40			.byte $00, $40			; screen address
   148 06A9 41				.byte $41			; jump and wait for VBLANK
   149 06AA A3 06			.byte <dlist, >dlist		; jump to this address
   150
   151
   152 					; data comes from "1x1ScrollData4.json"
   153 06AC				icl '1X1DTA4.ASM'
     1 				; "Scroll Packer" v0.1, 2020-07-16 22:28:43, "1x1ScrollData4\1x1ScrollData4.json"
     2
     3 06AC				org $900
     4
     5 				; scroll text, length: 345, unique characters: 256
     6 0900-0A58> 00 01 02 03 + text	.byte $00, $01, $02, $03, $04, $05, $06, $03	;  Hey guy
     7 0908 07 08 04 09 0A 0B + 	.byte $07, $08, $04, $09, $0a, $0b, $07, $04	; s! It's 
     8 0910 0A 0C 02 04 0D 02 + 	.byte $0a, $0c, $02, $04, $0d, $02, $0e, $0f	; the demo
     9 0918 04 0F 10 04 11 12 + 	.byte $04, $0f, $10, $04, $11, $12, $13, $14	;  of "SCR
    10 0920 15 16 16 00 17 18 + 	.byte $15, $16, $16, $00, $17, $18, $13, $19	; OLL PACK
    11 0928 1A 14 11 1B 1B 1B + 	.byte $1a, $14, $11, $1b, $1b, $1b, $00, $1c	; ER"... G
    12 0930 1D 1E 1F 1D 20 21 + 	.byte $1d, $1e, $1f, $1d, $20, $21, $22, $23	; żegżółka
    13 0938 00 1C 24 1A 1C 24 + 	.byte $00, $1c, $24, $1a, $1c, $24, $25, $26	;  GŻEGŻÓŁ
    14 0940 19 18 00 27 28 02 + 	.byte $19, $18, $00, $27, $28, $02, $05, $28	; KA Gżegż
    15 0948 29 2A 2B 2C 2D 27 + 	.byte $29, $2a, $2b, $2c, $2d, $27, $2e, $2f	; ółka GŻE
    16 0950 27 2E 30 31 32 33 + 	.byte $27, $2e, $30, $31, $32, $33, $2d, $2d	; GŻÓŁKA  
    17 0958 2D 34 1E 00 35 00 + 	.byte $2d, $34, $1e, $00, $35, $00, $36, $37	;  We ♥ yo
    18 0960 38 39 00 00 00 00 + 	.byte $38, $39, $00, $00, $00, $00, $39, $11	; u!    !"
    19 0968 3A 3B 3C 3D 3E 3F + 	.byte $3a, $3b, $3c, $3d, $3e, $3f, $40, $41	; #$%&'()*
    20 0970 42 43 44 1B 45 46 + 	.byte $42, $43, $44, $1b, $45, $46, $47, $48	; +,_./012
    21 0978 49 4A 4B 4C 4D 4E + 	.byte $49, $4a, $4b, $4c, $4d, $4e, $4f, $50	; 3456789:
    22 0980 51 52 53 54 55 56 + 	.byte $51, $52, $53, $54, $55, $56, $18, $57	; ;<=>?@AB
    23 0988 13 58 1A 59 1C 5A + 	.byte $13, $58, $1a, $59, $1c, $5a, $5b, $5c	; CDEFGHIJ
    24 0990 19 16 5D 5E 15 17 + 	.byte $19, $16, $5d, $5e, $15, $17, $5f, $14	; KLMNOPQR
    25 0998 12 60 61 62 34 63 + 	.byte $12, $60, $61, $62, $34, $63, $64, $65	; STUVWXYZ
    26 09A0 66 67 68 69 44 35 + 	.byte $66, $67, $68, $69, $44, $35, $6a, $6b	; [\]^_♥├🮇
    27 09A8 6C 6D 6E 6F 70 71 + 	.byte $6c, $6d, $6e, $6f, $70, $71, $72, $73	; ┘┤┐╱╲◢▗◣
    28 09B0 74 75 76 77 78 79 + 	.byte $74, $75, $76, $77, $78, $79, $7a, $7b	; ▝▘🮂▂▖♣┌─
    29 09B8 7C 7D 7E 7F 80 81 + 	.byte $7c, $7d, $7e, $7f, $80, $81, $82, $83	; ┼•▄▎┬┴▌└
    30 09C0 84 85 86 87 88 89 + 	.byte $84, $85, $86, $87, $88, $89, $23, $8a	; ␛↑↓←→♦ab
    31 09C8 8B 8C 1E 8D 1F 8E + 	.byte $8b, $8c, $1e, $8d, $1f, $8e, $8f, $90	; cdefghij
    32 09D0 22 91 92 93 37 94 + 	.byte $22, $91, $92, $93, $37, $94, $95, $96	; klmnopqr
    33 09D8 97 98 38 99 9A 9B + 	.byte $97, $98, $38, $99, $9a, $9b, $36, $9c	; stuvwxyz
    34 09E0 9D 9E 9F A0 A1 08 + 	.byte $9d, $9e, $9f, $a0, $a1, $08, $a2, $a3	; ♠|🢰◀▶!"#
    35 09E8 A4 A5 A6 0B A7 A8 + 	.byte $a4, $a5, $a6, $0b, $a7, $a8, $a9, $aa	; $%&'()*+
    36 09F0 AB AC AD AE AF B0 + 	.byte $ab, $ac, $ad, $ae, $af, $b0, $b1, $b2	; ,_./0123
    37 09F8 B3 B4 B5 B6 B7 B8 + 	.byte $b3, $b4, $b5, $b6, $b7, $b8, $b9, $ba	; 456789:;
    38 0A00 BB BC BD BE BF 33 + 	.byte $bb, $bc, $bd, $be, $bf, $33, $c0, $c1	; <=>?@ABC
    39 0A08 C2 2F C3 27 01 09 + 	.byte $c2, $2f, $c3, $27, $01, $09, $c4, $32	; DEFGHIJK
    40 0A10 C5 C6 C7 C8 C9 CA + 	.byte $c5, $c6, $c7, $c8, $c9, $ca, $cb, $cc	; LMNOPQRS
    41 0A18 CD CE CF D0 D1 D2 + 	.byte $cd, $ce, $cf, $d0, $d1, $d2, $d3, $d4	; TUVWXYZ[
    42 0A20 D5 D6 D7 AC D8 D9 + 	.byte $d5, $d6, $d7, $ac, $d8, $d9, $da, $db	; \]^_♥├🮇┘
    43 0A28 DC DD DE DF E0 E1 + 	.byte $dc, $dd, $de, $df, $e0, $e1, $e2, $e3	; ┤┐╱╲◢▗◣▝
    44 0A30 E4 E5 E6 E7 E8 E9 + 	.byte $e4, $e5, $e6, $e7, $e8, $e9, $ea, $eb	; ▘🮂▂▖♣┌─┼
    45 0A38 EC ED EE EF F0 F1 + 	.byte $ec, $ed, $ee, $ef, $f0, $f1, $f2, $2c	; •▄▎┬┴▌└a
    46 0A40 F3 F4 0D 02 10 05 + 	.byte $f3, $f4, $0d, $02, $10, $05, $0c, $f5	; bcdefghi
    47 0A48 F6 2B F7 0E F8 0F + 	.byte $f6, $2b, $f7, $0e, $f8, $0f, $f9, $fa	; jklmnopq
    48 0A50 FB 07 0A 06 FC FD + 	.byte $fb, $07, $0a, $06, $fc, $fd, $fe, $03	; rstuvwxy
    49 0A58 FF				.byte $ff	; z
    50 0A59			textend
    51
    52 0A59				org $7000
    53
    54 				; fonts data
    55 7000-77FF> 00 00 00 00 + fonts	.byte $00, $00, $00, $00, $00, $00, $00, $00	; " " {system} 0_0
    56 7008 00 42 42 7E 42 42 + 	.byte $00, $42, $42, $7e, $42, $42, $42, $00	; "H" {simple} 0_0
    57 7010 00 00 3C 42 7E 40 + 	.byte $00, $00, $3c, $42, $7e, $40, $3c, $00	; "e" {simple} 0_0
    58 7018 00 00 42 42 42 3E + 	.byte $00, $00, $42, $42, $42, $3e, $02, $7c	; "y" {simple} 0_0
    59 7020 00 00 00 00 00 00 + 	.byte $00, $00, $00, $00, $00, $00, $00, $00	; " " {simple} 0_0
    60 7028 00 00 3E 42 42 3E + 	.byte $00, $00, $3e, $42, $42, $3e, $02, $7c	; "g" {simple} 0_0
    61 7030 00 00 42 42 42 42 + 	.byte $00, $00, $42, $42, $42, $42, $3e, $00	; "u" {simple} 0_0
    62 7038 00 00 3E 40 3C 02 + 	.byte $00, $00, $3e, $40, $3c, $02, $7c, $00	; "s" {simple} 0_0
    63 7040 00 10 10 10 10 00 + 	.byte $00, $10, $10, $10, $10, $00, $10, $00	; "!" {simple} 0_0
    64 7048 00 3E 08 08 08 08 + 	.byte $00, $3e, $08, $08, $08, $08, $3e, $00	; "I" {simple} 0_0
    65 7050 00 10 7C 10 10 10 + 	.byte $00, $10, $7c, $10, $10, $10, $0e, $00	; "t" {simple} 0_0
    66 7058 00 10 10 10 00 00 + 	.byte $00, $10, $10, $10, $00, $00, $00, $00	; "'" {simple} 0_0
    67 7060 00 40 40 7C 42 42 + 	.byte $00, $40, $40, $7c, $42, $42, $42, $00	; "h" {simple} 0_0
    68 7068 00 02 02 3E 42 42 + 	.byte $00, $02, $02, $3e, $42, $42, $3e, $00	; "d" {simple} 0_0
    69 7070 00 00 62 55 49 49 + 	.byte $00, $00, $62, $55, $49, $49, $41, $00	; "m" {simple} 0_0
    70 7078 00 00 3C 42 42 42 + 	.byte $00, $00, $3c, $42, $42, $42, $3c, $00	; "o" {simple} 0_0
    71 7080 00 0E 10 7C 10 10 + 	.byte $00, $0e, $10, $7c, $10, $10, $10, $00	; "f" {simple} 0_0
    72 7088 00 66 66 66 00 00 + 	.byte $00, $66, $66, $66, $00, $00, $00, $00	; """ {system} 0_0
    73 7090 00 3C 60 3C 06 06 + 	.byte $00, $3c, $60, $3c, $06, $06, $3c, $00	; "S" {system} 0_0
    74 7098 00 3C 66 60 60 66 + 	.byte $00, $3c, $66, $60, $60, $66, $3c, $00	; "C" {system} 0_0
    75 70A0 00 7C 66 66 7C 6C + 	.byte $00, $7c, $66, $66, $7c, $6c, $66, $00	; "R" {system} 0_0
    76 70A8 00 3C 66 66 66 66 + 	.byte $00, $3c, $66, $66, $66, $66, $3c, $00	; "O" {system} 0_0
    77 70B0 00 60 60 60 60 60 + 	.byte $00, $60, $60, $60, $60, $60, $7e, $00	; "L" {system} 0_0
    78 70B8 00 7C 66 66 7C 60 + 	.byte $00, $7c, $66, $66, $7c, $60, $60, $00	; "P" {system} 0_0
    79 70C0 00 18 3C 66 66 7E + 	.byte $00, $18, $3c, $66, $66, $7e, $66, $00	; "A" {system} 0_0
    80 70C8 00 66 6C 78 78 6C + 	.byte $00, $66, $6c, $78, $78, $6c, $66, $00	; "K" {system} 0_0
    81 70D0 00 7E 60 7C 60 60 + 	.byte $00, $7e, $60, $7c, $60, $60, $7e, $00	; "E" {system} 0_0
    82 70D8 00 00 00 00 00 18 + 	.byte $00, $00, $00, $00, $00, $18, $18, $00	; "." {system} 0_0
    83 70E0 00 3E 60 60 6E 66 + 	.byte $00, $3e, $60, $60, $6e, $66, $3e, $00	; "G" {system} 0_0
    84 70E8 18 00 7E 0C 18 30 + 	.byte $18, $00, $7e, $0c, $18, $30, $7e, $00	; "ż" {system Polish} 0_0
    85 70F0 00 00 3C 66 7E 60 + 	.byte $00, $00, $3c, $66, $7e, $60, $3c, $00	; "e" {system} 0_0
    86 70F8 00 00 3E 66 66 3E + 	.byte $00, $00, $3e, $66, $66, $3e, $06, $7c	; "g" {system} 0_0
    87 7100 0C 18 3C 66 66 66 + 	.byte $0c, $18, $3c, $66, $66, $66, $3c, $00	; "ó" {system Polish} 0_0
    88 7108 00 38 18 1C 38 18 + 	.byte $00, $38, $18, $1c, $38, $18, $3c, $00	; "ł" {system Polish} 0_0
    89 7110 00 60 60 6C 78 6C + 	.byte $00, $60, $60, $6c, $78, $6c, $66, $00	; "k" {system} 0_0
    90 7118 00 00 3C 06 3E 66 + 	.byte $00, $00, $3c, $06, $3e, $66, $3e, $00	; "a" {system} 0_0
    91 7120 00 7E 0C 7E 30 60 + 	.byte $00, $7e, $0c, $7e, $30, $60, $7e, $00	; "Ż" {system Polish} 0_0
    92 7128 18 3C 66 66 66 66 + 	.byte $18, $3c, $66, $66, $66, $66, $3c, $00	; "Ó" {system Polish} 0_0
    93 7130 00 60 68 78 70 60 + 	.byte $00, $60, $68, $78, $70, $60, $7e, $00	; "Ł" {system Polish} 0_0
    94 7138 00 3E 40 40 4E 42 + 	.byte $00, $3e, $40, $40, $4e, $42, $3e, $00	; "G" {simple} 0_0
    95 7140 18 00 7E 04 08 10 + 	.byte $18, $00, $7e, $04, $08, $10, $7e, $00	; "ż" {simple Polish} 0_0
    96 7148 04 08 3C 42 42 42 + 	.byte $04, $08, $3c, $42, $42, $42, $3c, $00	; "ó" {simple Polish} 0_0
    97 7150 00 30 10 18 30 10 + 	.byte $00, $30, $10, $18, $30, $10, $38, $00	; "ł" {simple Polish} 0_0
    98 7158 00 40 44 48 70 48 + 	.byte $00, $40, $44, $48, $70, $48, $44, $00	; "k" {simple} 0_0
    99 7160 00 00 3C 02 3E 42 + 	.byte $00, $00, $3c, $02, $3e, $42, $3e, $00	; "a" {simple} 0_0
   100 7168 00 00 00 00 00 00 + 	.byte $00, $00, $00, $00, $00, $00, $00, $00	; " " {simple Polish} 0_0
   101 7170 00 7E 04 7E 10 20 + 	.byte $00, $7e, $04, $7e, $10, $20, $7e, $00	; "Ż" {simple Polish} 0_0
   102 7178 00 7E 40 7C 40 40 + 	.byte $00, $7e, $40, $7c, $40, $40, $7e, $00	; "E" {simple} 0_0
   103 7180 18 3C 42 42 42 42 + 	.byte $18, $3c, $42, $42, $42, $42, $3c, $00	; "Ó" {simple Polish} 0_0
   104 7188 00 40 40 50 60 40 + 	.byte $00, $40, $40, $50, $60, $40, $7e, $00	; "Ł" {simple Polish} 0_0
   105 7190 00 42 44 48 58 64 + 	.byte $00, $42, $44, $48, $58, $64, $42, $00	; "K" {simple} 0_0
   106 7198 00 18 24 42 42 7E + 	.byte $00, $18, $24, $42, $42, $7e, $42, $00	; "A" {simple} 0_0
   107 71A0 00 63 63 6B 7F 77 + 	.byte $00, $63, $63, $6b, $7f, $77, $63, $00	; "W" {system} 0_0
   108 71A8 00 36 7F 7F 3E 1C + 	.byte $00, $36, $7f, $7f, $3e, $1c, $08, $00	; "♥" {system} 0_0
   109 71B0 00 00 66 66 66 3E + 	.byte $00, $00, $66, $66, $66, $3e, $0c, $78	; "y" {system} 0_0
   110 71B8 00 00 3C 66 66 66 + 	.byte $00, $00, $3c, $66, $66, $66, $3c, $00	; "o" {system} 0_0
   111 71C0 00 00 66 66 66 66 + 	.byte $00, $00, $66, $66, $66, $66, $3e, $00	; "u" {system} 0_0
   112 71C8 00 18 18 18 18 00 + 	.byte $00, $18, $18, $18, $18, $00, $18, $00	; "!" {system} 0_0
   113 71D0 00 66 FF 66 66 FF + 	.byte $00, $66, $ff, $66, $66, $ff, $66, $00	; "#" {system} 0_0
   114 71D8 18 3E 60 3C 06 7C + 	.byte $18, $3e, $60, $3c, $06, $7c, $18, $00	; "$" {system} 0_0
   115 71E0 00 66 6C 18 30 66 + 	.byte $00, $66, $6c, $18, $30, $66, $46, $00	; "%" {system} 0_0
   116 71E8 1C 36 1C 38 6F 66 + 	.byte $1c, $36, $1c, $38, $6f, $66, $3b, $00	; "&" {system} 0_0
   117 71F0 00 18 18 18 00 00 + 	.byte $00, $18, $18, $18, $00, $00, $00, $00	; "'" {system} 0_0
   118 71F8 00 0E 1C 18 18 1C + 	.byte $00, $0e, $1c, $18, $18, $1c, $0e, $00	; "(" {system} 0_0
   119 7200 00 70 38 18 18 38 + 	.byte $00, $70, $38, $18, $18, $38, $70, $00	; ")" {system} 0_0
   120 7208 00 66 3C FF 3C 66 + 	.byte $00, $66, $3c, $ff, $3c, $66, $00, $00	; "*" {system} 0_0
   121 7210 00 18 18 7E 18 18 + 	.byte $00, $18, $18, $7e, $18, $18, $00, $00	; "+" {system} 0_0
   122 7218 00 00 00 00 00 18 + 	.byte $00, $00, $00, $00, $00, $18, $18, $30	; "," {system} 0_0
   123 7220 00 00 00 00 00 00 + 	.byte $00, $00, $00, $00, $00, $00, $ff, $00	; "_" {system} 0_0
   124 7228 00 06 0C 18 30 60 + 	.byte $00, $06, $0c, $18, $30, $60, $40, $00	; "/" {system} 0_0
   125 7230 00 3C 66 6E 76 66 + 	.byte $00, $3c, $66, $6e, $76, $66, $3c, $00	; "0" {system} 0_0
   126 7238 00 18 38 18 18 18 + 	.byte $00, $18, $38, $18, $18, $18, $7e, $00	; "1" {system} 0_0
   127 7240 00 3C 66 0C 18 30 + 	.byte $00, $3c, $66, $0c, $18, $30, $7e, $00	; "2" {system} 0_0
   128 7248 00 7E 0C 18 0C 66 + 	.byte $00, $7e, $0c, $18, $0c, $66, $3c, $00	; "3" {system} 0_0
   129 7250 00 0C 1C 3C 6C 7E + 	.byte $00, $0c, $1c, $3c, $6c, $7e, $0c, $00	; "4" {system} 0_0
   130 7258 00 7E 60 7C 06 66 + 	.byte $00, $7e, $60, $7c, $06, $66, $3c, $00	; "5" {system} 0_0
   131 7260 00 3C 60 7C 66 66 + 	.byte $00, $3c, $60, $7c, $66, $66, $3c, $00	; "6" {system} 0_0
   132 7268 00 7E 06 0C 18 30 + 	.byte $00, $7e, $06, $0c, $18, $30, $30, $00	; "7" {system} 0_0
   133 7270 00 3C 66 3C 66 66 + 	.byte $00, $3c, $66, $3c, $66, $66, $3c, $00	; "8" {system} 0_0
   134 7278 00 3C 66 3E 06 0C + 	.byte $00, $3c, $66, $3e, $06, $0c, $38, $00	; "9" {system} 0_0
   135 7280 00 00 18 18 00 18 + 	.byte $00, $00, $18, $18, $00, $18, $18, $00	; ":" {system} 0_0
   136 7288 00 00 18 18 00 18 + 	.byte $00, $00, $18, $18, $00, $18, $18, $30	; ";" {system} 0_0
   137 7290 06 0C 18 30 18 0C + 	.byte $06, $0c, $18, $30, $18, $0c, $06, $00	; "<" {system} 0_0
   138 7298 00 00 7E 00 00 7E + 	.byte $00, $00, $7e, $00, $00, $7e, $00, $00	; "=" {system} 0_0
   139 72A0 60 30 18 0C 18 30 + 	.byte $60, $30, $18, $0c, $18, $30, $60, $00	; ">" {system} 0_0
   140 72A8 00 3C 66 0C 18 00 + 	.byte $00, $3c, $66, $0c, $18, $00, $18, $00	; "?" {system} 0_0
   141 72B0 00 3C 66 6E 6E 60 + 	.byte $00, $3c, $66, $6e, $6e, $60, $3e, $00	; "@" {system} 0_0
   142 72B8 00 7C 66 7C 66 66 + 	.byte $00, $7c, $66, $7c, $66, $66, $7c, $00	; "B" {system} 0_0
   143 72C0 00 78 6C 66 66 6C + 	.byte $00, $78, $6c, $66, $66, $6c, $78, $00	; "D" {system} 0_0
   144 72C8 00 7E 60 7C 60 60 + 	.byte $00, $7e, $60, $7c, $60, $60, $60, $00	; "F" {system} 0_0
   145 72D0 00 66 66 7E 66 66 + 	.byte $00, $66, $66, $7e, $66, $66, $66, $00	; "H" {system} 0_0
   146 72D8 00 7E 18 18 18 18 + 	.byte $00, $7e, $18, $18, $18, $18, $7e, $00	; "I" {system} 0_0
   147 72E0 00 06 06 06 06 66 + 	.byte $00, $06, $06, $06, $06, $66, $3c, $00	; "J" {system} 0_0
   148 72E8 00 63 77 7F 6B 63 + 	.byte $00, $63, $77, $7f, $6b, $63, $63, $00	; "M" {system} 0_0
   149 72F0 00 66 76 7E 7E 6E + 	.byte $00, $66, $76, $7e, $7e, $6e, $66, $00	; "N" {system} 0_0
   150 72F8 00 3C 66 66 66 6C + 	.byte $00, $3c, $66, $66, $66, $6c, $36, $00	; "Q" {system} 0_0
   151 7300 00 7E 18 18 18 18 + 	.byte $00, $7e, $18, $18, $18, $18, $18, $00	; "T" {system} 0_0
   152 7308 00 66 66 66 66 66 + 	.byte $00, $66, $66, $66, $66, $66, $7e, $00	; "U" {system} 0_0
   153 7310 00 66 66 66 66 3C + 	.byte $00, $66, $66, $66, $66, $3c, $18, $00	; "V" {system} 0_0
   154 7318 00 66 66 3C 3C 66 + 	.byte $00, $66, $66, $3c, $3c, $66, $66, $00	; "X" {system} 0_0
   155 7320 00 66 66 3C 18 18 + 	.byte $00, $66, $66, $3c, $18, $18, $18, $00	; "Y" {system} 0_0
   156 7328 00 7E 0C 18 30 60 + 	.byte $00, $7e, $0c, $18, $30, $60, $7e, $00	; "Z" {system} 0_0
   157 7330 00 1E 18 18 18 18 + 	.byte $00, $1e, $18, $18, $18, $18, $1e, $00	; "[" {system} 0_0
   158 7338 00 40 60 30 18 0C + 	.byte $00, $40, $60, $30, $18, $0c, $06, $00	; "\" {system} 0_0
   159 7340 00 78 18 18 18 18 + 	.byte $00, $78, $18, $18, $18, $18, $78, $00	; "]" {system} 0_0
   160 7348 00 08 1C 36 63 00 + 	.byte $00, $08, $1c, $36, $63, $00, $00, $00	; "^" {system} 0_0
   161 7350 18 18 18 1F 1F 18 + 	.byte $18, $18, $18, $1f, $1f, $18, $18, $18	; "├" {system} 0_0
   162 7358 03 03 03 03 03 03 + 	.byte $03, $03, $03, $03, $03, $03, $03, $03	; "🮇" {system} 0_0
   163 7360 18 18 18 F8 F8 00 + 	.byte $18, $18, $18, $f8, $f8, $00, $00, $00	; "┘" {system} 0_0
   164 7368 18 18 18 F8 F8 18 + 	.byte $18, $18, $18, $f8, $f8, $18, $18, $18	; "┤" {system} 0_0
   165 7370 00 00 00 F8 F8 18 + 	.byte $00, $00, $00, $f8, $f8, $18, $18, $18	; "┐" {system} 0_0
   166 7378 03 07 0E 1C 38 70 + 	.byte $03, $07, $0e, $1c, $38, $70, $e0, $c0	; "╱" {system} 0_0
   167 7380 C0 E0 70 38 1C 0E + 	.byte $c0, $e0, $70, $38, $1c, $0e, $07, $03	; "╲" {system} 0_0
   168 7388 01 03 07 0F 1F 3F + 	.byte $01, $03, $07, $0f, $1f, $3f, $7f, $ff	; "◢" {system} 0_0
   169 7390 00 00 00 00 0F 0F + 	.byte $00, $00, $00, $00, $0f, $0f, $0f, $0f	; "▗" {system} 0_0
   170 7398 80 C0 E0 F0 F8 FC + 	.byte $80, $c0, $e0, $f0, $f8, $fc, $fe, $ff	; "◣" {system} 0_0
   171 73A0 0F 0F 0F 0F 00 00 + 	.byte $0f, $0f, $0f, $0f, $00, $00, $00, $00	; "▝" {system} 0_0
   172 73A8 F0 F0 F0 F0 00 00 + 	.byte $f0, $f0, $f0, $f0, $00, $00, $00, $00	; "▘" {system} 0_0
   173 73B0 FF FF 00 00 00 00 + 	.byte $ff, $ff, $00, $00, $00, $00, $00, $00	; "🮂" {system} 0_0
   174 73B8 00 00 00 00 00 00 + 	.byte $00, $00, $00, $00, $00, $00, $ff, $ff	; "▂" {system} 0_0
   175 73C0 00 00 00 00 F0 F0 + 	.byte $00, $00, $00, $00, $f0, $f0, $f0, $f0	; "▖" {system} 0_0
   176 73C8 00 1C 1C 77 77 08 + 	.byte $00, $1c, $1c, $77, $77, $08, $1c, $00	; "♣" {system} 0_0
   177 73D0 00 00 00 1F 1F 18 + 	.byte $00, $00, $00, $1f, $1f, $18, $18, $18	; "┌" {system} 0_0
   178 73D8 00 00 00 FF FF 00 + 	.byte $00, $00, $00, $ff, $ff, $00, $00, $00	; "─" {system} 0_0
   179 73E0 18 18 18 FF FF 18 + 	.byte $18, $18, $18, $ff, $ff, $18, $18, $18	; "┼" {system} 0_0
   180 73E8 00 00 3C 7E 7E 7E + 	.byte $00, $00, $3c, $7e, $7e, $7e, $3c, $00	; "•" {system} 0_0
   181 73F0 00 00 00 00 FF FF + 	.byte $00, $00, $00, $00, $ff, $ff, $ff, $ff	; "▄" {system} 0_0
   182 73F8 C0 C0 C0 C0 C0 C0 + 	.byte $c0, $c0, $c0, $c0, $c0, $c0, $c0, $c0	; "▎" {system} 0_0
   183 7400 00 00 00 FF FF 18 + 	.byte $00, $00, $00, $ff, $ff, $18, $18, $18	; "┬" {system} 0_0
   184 7408 18 18 18 FF FF 00 + 	.byte $18, $18, $18, $ff, $ff, $00, $00, $00	; "┴" {system} 0_0
   185 7410 F0 F0 F0 F0 F0 F0 + 	.byte $f0, $f0, $f0, $f0, $f0, $f0, $f0, $f0	; "▌" {system} 0_0
   186 7418 18 18 18 1F 1F 00 + 	.byte $18, $18, $18, $1f, $1f, $00, $00, $00	; "└" {system} 0_0
   187 7420 78 60 78 60 7E 18 + 	.byte $78, $60, $78, $60, $7e, $18, $1e, $00	; "␛" {system} 0_0
   188 7428 00 18 3C 7E 18 18 + 	.byte $00, $18, $3c, $7e, $18, $18, $18, $00	; "↑" {system} 0_0
   189 7430 00 18 18 18 7E 3C + 	.byte $00, $18, $18, $18, $7e, $3c, $18, $00	; "↓" {system} 0_0
   190 7438 00 18 30 7E 30 18 + 	.byte $00, $18, $30, $7e, $30, $18, $00, $00	; "←" {system} 0_0
   191 7440 00 18 0C 7E 0C 18 + 	.byte $00, $18, $0c, $7e, $0c, $18, $00, $00	; "→" {system} 0_0
   192 7448 00 18 3C 7E 7E 3C + 	.byte $00, $18, $3c, $7e, $7e, $3c, $18, $00	; "♦" {system} 0_0
   193 7450 00 60 60 7C 66 66 + 	.byte $00, $60, $60, $7c, $66, $66, $7c, $00	; "b" {system} 0_0
   194 7458 00 00 3C 60 60 60 + 	.byte $00, $00, $3c, $60, $60, $60, $3c, $00	; "c" {system} 0_0
   195 7460 00 06 06 3E 66 66 + 	.byte $00, $06, $06, $3e, $66, $66, $3e, $00	; "d" {system} 0_0
   196 7468 00 0E 18 3E 18 18 + 	.byte $00, $0e, $18, $3e, $18, $18, $18, $00	; "f" {system} 0_0
   197 7470 00 60 60 7C 66 66 + 	.byte $00, $60, $60, $7c, $66, $66, $66, $00	; "h" {system} 0_0
   198 7478 00 18 00 38 18 18 + 	.byte $00, $18, $00, $38, $18, $18, $3c, $00	; "i" {system} 0_0
   199 7480 00 06 00 06 06 06 + 	.byte $00, $06, $00, $06, $06, $06, $06, $3c	; "j" {system} 0_0
   200 7488 00 38 18 18 18 18 + 	.byte $00, $38, $18, $18, $18, $18, $3c, $00	; "l" {system} 0_0
   201 7490 00 00 66 7F 7F 6B + 	.byte $00, $00, $66, $7f, $7f, $6b, $63, $00	; "m" {system} 0_0
   202 7498 00 00 7C 66 66 66 + 	.byte $00, $00, $7c, $66, $66, $66, $66, $00	; "n" {system} 0_0
   203 74A0 00 00 7C 66 66 7C + 	.byte $00, $00, $7c, $66, $66, $7c, $60, $60	; "p" {system} 0_0
   204 74A8 00 00 3E 66 66 3E + 	.byte $00, $00, $3e, $66, $66, $3e, $06, $06	; "q" {system} 0_0
   205 74B0 00 00 7C 66 60 60 + 	.byte $00, $00, $7c, $66, $60, $60, $60, $00	; "r" {system} 0_0
   206 74B8 00 00 3E 60 3C 06 + 	.byte $00, $00, $3e, $60, $3c, $06, $7c, $00	; "s" {system} 0_0
   207 74C0 00 18 7E 18 18 18 + 	.byte $00, $18, $7e, $18, $18, $18, $0e, $00	; "t" {system} 0_0
   208 74C8 00 00 66 66 66 3C + 	.byte $00, $00, $66, $66, $66, $3c, $18, $00	; "v" {system} 0_0
   209 74D0 00 00 63 6B 7F 3E + 	.byte $00, $00, $63, $6b, $7f, $3e, $36, $00	; "w" {system} 0_0
   210 74D8 00 00 66 3C 18 3C + 	.byte $00, $00, $66, $3c, $18, $3c, $66, $00	; "x" {system} 0_0
   211 74E0 00 00 7E 0C 18 30 + 	.byte $00, $00, $7e, $0c, $18, $30, $7e, $00	; "z" {system} 0_0
   212 74E8 00 18 3C 7E 7E 18 + 	.byte $00, $18, $3c, $7e, $7e, $18, $3c, $00	; "♠" {system} 0_0
   213 74F0 18 18 18 18 18 18 + 	.byte $18, $18, $18, $18, $18, $18, $18, $18	; "|" {system} 0_0
   214 74F8 00 7E 78 7C 6E 66 + 	.byte $00, $7e, $78, $7c, $6e, $66, $06, $00	; "🢰" {system} 0_0
   215 7500 08 18 38 78 38 18 + 	.byte $08, $18, $38, $78, $38, $18, $08, $00	; "◀" {system} 0_0
   216 7508 10 18 1C 1E 1C 18 + 	.byte $10, $18, $1c, $1e, $1c, $18, $10, $00	; "▶" {system} 0_0
   217 7510 00 24 24 24 00 00 + 	.byte $00, $24, $24, $24, $00, $00, $00, $00	; """ {simple} 0_0
   218 7518 00 24 7E 24 24 7E + 	.byte $00, $24, $7e, $24, $24, $7e, $24, $00	; "#" {simple} 0_0
   219 7520 18 3E 40 3C 02 02 + 	.byte $18, $3e, $40, $3c, $02, $02, $7c, $18	; "$" {simple} 0_0
   220 7528 00 42 04 08 10 20 + 	.byte $00, $42, $04, $08, $10, $20, $42, $00	; "%" {simple} 0_0
   221 7530 1C 22 24 38 4E 44 + 	.byte $1c, $22, $24, $38, $4e, $44, $3a, $00	; "&" {simple} 0_0
   222 7538 00 04 08 10 10 08 + 	.byte $00, $04, $08, $10, $10, $08, $04, $00	; "(" {simple} 0_0
   223 7540 00 20 10 08 08 10 + 	.byte $00, $20, $10, $08, $08, $10, $20, $00	; ")" {simple} 0_0
   224 7548 00 54 38 7C 38 54 + 	.byte $00, $54, $38, $7c, $38, $54, $00, $00	; "*" {simple} 0_0
   225 7550 00 08 08 3E 08 08 + 	.byte $00, $08, $08, $3e, $08, $08, $00, $00	; "+" {simple} 0_0
   226 7558 00 00 00 00 00 10 + 	.byte $00, $00, $00, $00, $00, $10, $10, $20	; "," {simple} 0_0
   227 7560 00 00 00 00 00 00 + 	.byte $00, $00, $00, $00, $00, $00, $7e, $00	; "_" {simple} 0_0
   228 7568 00 00 00 00 00 00 + 	.byte $00, $00, $00, $00, $00, $00, $10, $00	; "." {simple} 0_0
   229 7570 00 02 04 08 10 20 + 	.byte $00, $02, $04, $08, $10, $20, $40, $00	; "/" {simple} 0_0
   230 7578 00 3C 46 4A 52 62 + 	.byte $00, $3c, $46, $4a, $52, $62, $3c, $00	; "0" {simple} 0_0
   231 7580 00 18 28 08 08 08 + 	.byte $00, $18, $28, $08, $08, $08, $3e, $00	; "1" {simple} 0_0
   232 7588 00 3C 42 04 08 10 + 	.byte $00, $3c, $42, $04, $08, $10, $3e, $00	; "2" {simple} 0_0
   233 7590 00 7E 04 18 04 42 + 	.byte $00, $7e, $04, $18, $04, $42, $3c, $00	; "3" {simple} 0_0
   234 7598 00 0C 14 24 44 7E + 	.byte $00, $0c, $14, $24, $44, $7e, $04, $00	; "4" {simple} 0_0
   235 75A0 00 7E 40 7C 02 42 + 	.byte $00, $7e, $40, $7c, $02, $42, $3c, $00	; "5" {simple} 0_0
   236 75A8 00 3C 40 7C 42 42 + 	.byte $00, $3c, $40, $7c, $42, $42, $3c, $00	; "6" {simple} 0_0
   237 75B0 00 7E 02 04 08 10 + 	.byte $00, $7e, $02, $04, $08, $10, $10, $00	; "7" {simple} 0_0
   238 75B8 00 3C 42 3C 42 42 + 	.byte $00, $3c, $42, $3c, $42, $42, $3c, $00	; "8" {simple} 0_0
   239 75C0 00 3C 42 3E 02 04 + 	.byte $00, $3c, $42, $3e, $02, $04, $38, $00	; "9" {simple} 0_0
   240 75C8 00 00 00 10 00 00 + 	.byte $00, $00, $00, $10, $00, $00, $10, $00	; ":" {simple} 0_0
   241 75D0 00 00 00 08 00 08 + 	.byte $00, $00, $00, $08, $00, $08, $08, $10	; ";" {simple} 0_0
   242 75D8 04 08 10 20 10 08 + 	.byte $04, $08, $10, $20, $10, $08, $04, $00	; "<" {simple} 0_0
   243 75E0 00 00 3E 00 00 3E + 	.byte $00, $00, $3e, $00, $00, $3e, $00, $00	; "=" {simple} 0_0
   244 75E8 20 10 08 04 08 10 + 	.byte $20, $10, $08, $04, $08, $10, $20, $00	; ">" {simple} 0_0
   245 75F0 00 3C 42 04 08 00 + 	.byte $00, $3c, $42, $04, $08, $00, $08, $00	; "?" {simple} 0_0
   246 75F8 00 3C 42 4A 4E 40 + 	.byte $00, $3c, $42, $4a, $4e, $40, $3e, $00	; "@" {simple} 0_0
   247 7600 00 7C 42 7C 42 42 + 	.byte $00, $7c, $42, $7c, $42, $42, $7c, $00	; "B" {simple} 0_0
   248 7608 00 3C 42 40 40 42 + 	.byte $00, $3c, $42, $40, $40, $42, $3c, $00	; "C" {simple} 0_0
   249 7610 00 78 44 42 42 44 + 	.byte $00, $78, $44, $42, $42, $44, $78, $00	; "D" {simple} 0_0
   250 7618 00 7E 40 7C 40 40 + 	.byte $00, $7e, $40, $7c, $40, $40, $40, $00	; "F" {simple} 0_0
   251 7620 00 02 02 02 02 42 + 	.byte $00, $02, $02, $02, $02, $42, $3c, $00	; "J" {simple} 0_0
   252 7628 00 40 40 40 40 40 + 	.byte $00, $40, $40, $40, $40, $40, $7e, $00	; "L" {simple} 0_0
   253 7630 00 63 55 49 49 41 + 	.byte $00, $63, $55, $49, $49, $41, $41, $00	; "M" {simple} 0_0
   254 7638 00 42 62 52 4A 46 + 	.byte $00, $42, $62, $52, $4a, $46, $42, $00	; "N" {simple} 0_0
   255 7640 00 3C 42 42 42 42 + 	.byte $00, $3c, $42, $42, $42, $42, $3c, $00	; "O" {simple} 0_0
   256 7648 00 7C 42 42 7C 40 + 	.byte $00, $7c, $42, $42, $7c, $40, $40, $00	; "P" {simple} 0_0
   257 7650 00 3C 42 42 4A 44 + 	.byte $00, $3c, $42, $42, $4a, $44, $3a, $00	; "Q" {simple} 0_0
   258 7658 00 7C 42 42 7C 44 + 	.byte $00, $7c, $42, $42, $7c, $44, $42, $00	; "R" {simple} 0_0
   259 7660 00 3C 40 3C 02 02 + 	.byte $00, $3c, $40, $3c, $02, $02, $3c, $00	; "S" {simple} 0_0
   260 7668 00 3E 08 08 08 08 + 	.byte $00, $3e, $08, $08, $08, $08, $08, $00	; "T" {simple} 0_0
   261 7670 00 42 42 42 42 42 + 	.byte $00, $42, $42, $42, $42, $42, $3c, $00	; "U" {simple} 0_0
   262 7678 00 42 42 42 42 24 + 	.byte $00, $42, $42, $42, $42, $24, $18, $00	; "V" {simple} 0_0
   263 7680 00 41 41 49 49 55 + 	.byte $00, $41, $41, $49, $49, $55, $63, $00	; "W" {simple} 0_0
   264 7688 00 42 24 18 18 24 + 	.byte $00, $42, $24, $18, $18, $24, $42, $00	; "X" {simple} 0_0
   265 7690 00 22 22 14 08 08 + 	.byte $00, $22, $22, $14, $08, $08, $08, $00	; "Y" {simple} 0_0
   266 7698 00 7E 04 08 10 20 + 	.byte $00, $7e, $04, $08, $10, $20, $7e, $00	; "Z" {simple} 0_0
   267 76A0 00 1C 10 10 10 10 + 	.byte $00, $1c, $10, $10, $10, $10, $1c, $00	; "[" {simple} 0_0
   268 76A8 00 00 40 20 10 08 + 	.byte $00, $00, $40, $20, $10, $08, $04, $00	; "\" {simple} 0_0
   269 76B0 00 38 08 08 08 08 + 	.byte $00, $38, $08, $08, $08, $08, $38, $00	; "]" {simple} 0_0
   270 76B8 00 08 14 22 00 00 + 	.byte $00, $08, $14, $22, $00, $00, $00, $00	; "^" {simple} 0_0
   271 76C0 00 36 49 41 22 14 + 	.byte $00, $36, $49, $41, $22, $14, $08, $00	; "♥" {simple} 0_0
   272 76C8 10 10 10 1F 10 10 + 	.byte $10, $10, $10, $1f, $10, $10, $10, $10	; "├" {simple} 0_0
   273 76D0 01 01 01 01 01 01 + 	.byte $01, $01, $01, $01, $01, $01, $01, $01	; "🮇" {simple} 0_0
   274 76D8 10 10 10 F0 00 00 + 	.byte $10, $10, $10, $f0, $00, $00, $00, $00	; "┘" {simple} 0_0
   275 76E0 10 10 10 F0 10 10 + 	.byte $10, $10, $10, $f0, $10, $10, $10, $10	; "┤" {simple} 0_0
   276 76E8 00 00 00 F0 10 10 + 	.byte $00, $00, $00, $f0, $10, $10, $10, $10	; "┐" {simple} 0_0
   277 76F0 01 03 06 0C 18 30 + 	.byte $01, $03, $06, $0c, $18, $30, $60, $c0	; "╱" {simple} 0_0
   278 76F8 80 C0 60 30 18 0C + 	.byte $80, $c0, $60, $30, $18, $0c, $06, $03	; "╲" {simple} 0_0
   279 7700 01 03 05 09 11 21 + 	.byte $01, $03, $05, $09, $11, $21, $41, $ff	; "◢" {simple} 0_0
   280 7708 00 00 00 00 0F 09 + 	.byte $00, $00, $00, $00, $0f, $09, $09, $0f	; "▗" {simple} 0_0
   281 7710 80 C0 A0 90 88 84 + 	.byte $80, $c0, $a0, $90, $88, $84, $82, $ff	; "◣" {simple} 0_0
   282 7718 0F 09 09 0F 00 00 + 	.byte $0f, $09, $09, $0f, $00, $00, $00, $00	; "▝" {simple} 0_0
   283 7720 F0 90 90 F0 00 00 + 	.byte $f0, $90, $90, $f0, $00, $00, $00, $00	; "▘" {simple} 0_0
   284 7728 FF 00 00 00 00 00 + 	.byte $ff, $00, $00, $00, $00, $00, $00, $00	; "🮂" {simple} 0_0
   285 7730 00 00 00 00 00 00 + 	.byte $00, $00, $00, $00, $00, $00, $00, $ff	; "▂" {simple} 0_0
   286 7738 00 00 00 00 F0 90 + 	.byte $00, $00, $00, $00, $f0, $90, $90, $f0	; "▖" {simple} 0_0
   287 7740 00 1C 14 63 77 08 + 	.byte $00, $1c, $14, $63, $77, $08, $1c, $00	; "♣" {simple} 0_0
   288 7748 00 00 00 1F 10 10 + 	.byte $00, $00, $00, $1f, $10, $10, $10, $10	; "┌" {simple} 0_0
   289 7750 00 00 00 FF 00 00 + 	.byte $00, $00, $00, $ff, $00, $00, $00, $00	; "─" {simple} 0_0
   290 7758 10 10 10 FF 10 10 + 	.byte $10, $10, $10, $ff, $10, $10, $10, $10	; "┼" {simple} 0_0
   291 7760 00 00 3C 42 42 42 + 	.byte $00, $00, $3c, $42, $42, $42, $3c, $00	; "•" {simple} 0_0
   292 7768 00 00 00 00 FF 81 + 	.byte $00, $00, $00, $00, $ff, $81, $81, $ff	; "▄" {simple} 0_0
   293 7770 80 80 80 80 80 80 + 	.byte $80, $80, $80, $80, $80, $80, $80, $80	; "▎" {simple} 0_0
   294 7778 00 00 00 FF 10 10 + 	.byte $00, $00, $00, $ff, $10, $10, $10, $10	; "┬" {simple} 0_0
   295 7780 10 10 10 FF 00 00 + 	.byte $10, $10, $10, $ff, $00, $00, $00, $00	; "┴" {simple} 0_0
   296 7788 F0 90 90 90 90 90 + 	.byte $f0, $90, $90, $90, $90, $90, $90, $f0	; "▌" {simple} 0_0
   297 7790 10 10 10 1F 00 00 + 	.byte $10, $10, $10, $1f, $00, $00, $00, $00	; "└" {simple} 0_0
   298 7798 00 40 40 7C 42 42 + 	.byte $00, $40, $40, $7c, $42, $42, $7c, $00	; "b" {simple} 0_0
   299 77A0 00 00 3C 40 40 40 + 	.byte $00, $00, $3c, $40, $40, $40, $3c, $00	; "c" {simple} 0_0
   300 77A8 00 10 00 30 10 10 + 	.byte $00, $10, $00, $30, $10, $10, $7c, $00	; "i" {simple} 0_0
   301 77B0 00 04 00 04 04 04 + 	.byte $00, $04, $00, $04, $04, $04, $04, $38	; "j" {simple} 0_0
   302 77B8 00 30 10 10 10 10 + 	.byte $00, $30, $10, $10, $10, $10, $38, $00	; "l" {simple} 0_0
   303 77C0 00 00 7C 42 42 42 + 	.byte $00, $00, $7c, $42, $42, $42, $42, $00	; "n" {simple} 0_0
   304 77C8 00 00 7C 42 42 7C + 	.byte $00, $00, $7c, $42, $42, $7c, $40, $40	; "p" {simple} 0_0
   305 77D0 00 00 3E 42 42 3E + 	.byte $00, $00, $3e, $42, $42, $3e, $02, $02	; "q" {simple} 0_0
   306 77D8 00 00 7C 42 42 40 + 	.byte $00, $00, $7c, $42, $42, $40, $40, $00	; "r" {simple} 0_0
   307 77E0 00 00 42 42 42 24 + 	.byte $00, $00, $42, $42, $42, $24, $18, $00	; "v" {simple} 0_0
   308 77E8 00 00 41 49 49 49 + 	.byte $00, $00, $41, $49, $49, $49, $36, $00	; "w" {simple} 0_0
   309 77F0 00 00 42 24 18 24 + 	.byte $00, $00, $42, $24, $18, $24, $42, $00	; "x" {simple} 0_0
   310 77F8 00 00 7E 04 08 10 + 	.byte $00, $00, $7e, $04, $08, $10, $7e, $00	; "z" {simple} 0_0
   311 7800			fontsen
