mads 2.0.6 build 58 (28 Jan 17)
     1 				; "2x2 scroll, example 2", Atari XL/XE Intro
     2 				;
     3 				; what it does:
     4 				; - 2x2-character scroll in ANTIC mode 2
     5 				; - supports up to 128 unique 2x2-fonts
     6 				; - fonts come from several separate input font sets
     7 				; - length of scroll is limited by available memory only
     8 				;
     9 				; code by tr1x / Agenda
    10 				; requirements: original Atari XL/XE 64KB PAL
    11 				; version: 1.0
    12 				; date: 2020-05-30
    13
    14 = 4000			video1	equ $4000
    15 = 4040			video2	equ $4040
    16 = 8000			charset	equ $8000
    17
    18 = 0012			rtclok	equ $0012
    19 = 00C0			txtptr	equ $00c0
    20 = 00C2			srcaddr	equ $00c2
    21 = 00C4			dstaddr	equ $00c4
    22 = 00C6			chcntr	equ $00c6
    23 = 0200			vdslst	equ $0200
    24 = 0230			sdlstl	equ $0230
    25 = 02F4			chbas	equ $02f4
    26 = D404			hscrol	equ $d404
    27 = D409			chbase	equ $d409
    28 = D40A			wsync	equ $d40a
    29 = D40B			vcount	equ $d40b
    30 = D40E			nmien	equ $d40e
    31 = FFFA			nmivec	equ $fffa
    32
    33 					org $600
    34
    35 					; set display list
    36 FFFF> 0600-06C8> A9 BD		lda #<dlist
    37 0602 8D 30 02			sta sdlstl
    38 0605 A9 06			lda #>dlist
    39 0607 8D 31 02			sta sdlstl+1
    40
    41 					; initialize text pointer to the first character of scroll text
    42 060A A9 00			lda <text
    43 060C 85 C0			sta txtptr
    44 060E A9 09			lda >text
    45 0610 85 C1			sta txtptr+1
    46
    47 					; set character set
    48 0612 A9 80			lda #>charset
    49 0614 8D F4 02			sta chbas
    50
    51 0617 A9 04			lda #$04
    52 0619 85 C6			sta chcntr
    53
    54 061B A2 07			ldx #$07
    55 061D 8E 04 D4		main	stx hscrol
    56
    57 					; delay
    58 0620 A5 14			lda rtclok+2
    59 0622 C5 14		delay	cmp rtclok+2
    60 0624 F0 FC			beq delay
    61
    62 0626 CA				dex
    63 0627 10 F4			bpl main
    64 0629 A2 07			ldx #$07
    65 062B 8E 04 D4			stx hscrol
    66
    67 					; source address of character look data
    68 062E A9 00			lda #$00
    69 0630 85 C3			sta srcaddr+1
    70 0632 A0 00			ldy #$00
    71 0634 B1 C0			lda (txtptr),y
    72 0636 0A				asl
    73 0637 26 C3			rol srcaddr+1
    74 0639 0A				asl
    75 063A 26 C3			rol srcaddr+1
    76 063C 0A				asl
    77 063D 26 C3			rol srcaddr+1
    78 063F 0A				asl
    79 0640 26 C3			rol srcaddr+1
    80 0642 0A				asl
    81 0643 26 C3			rol srcaddr+1
    82 0645 85 C2			sta srcaddr
    83
    84 0647 A9 00			lda #<fonts
    85 0649 18				clc
    86 064A 65 C2			adc srcaddr
    87 064C 85 C2			sta srcaddr
    88 064E A9 70			lda #>fonts
    89 0650 65 C3			adc srcaddr+1
    90 0652 85 C3			sta srcaddr+1
    91
    92 					; destination address to copy character look data to
    93 					; (it can be optimized at least a little bit)
    94 0654 A9 00			lda #$00
    95 0656 85 C5			sta dstaddr+1
    96 0658 AD 2C 40			lda video1+$2c
    97 065B 0A				asl
    98 065C 26 C5			rol dstaddr+1
    99 065E 0A				asl
   100 065F 26 C5			rol dstaddr+1
   101 0661 0A				asl
   102 0662 26 C5			rol dstaddr+1
   103 0664 85 C4			sta dstaddr
   104
   105 0666 A9 80			lda #>charset
   106 0668 18				clc
   107 0669 65 C5			adc dstaddr+1
   108 066B 85 C5			sta dstaddr+1
   109
   110 					; copy 32 bytes of character look data from source to destination
   111 066D A0 20			ldy #$20
   112 066F B1 C2		loop	lda (srcaddr),y
   113 0671 91 C4			sta (dstaddr),y
   114 0673 88				dey
   115 0674 10 F9			bpl loop
   116
   117 					; move data in viewport two characters left
   118 0676 A0 00			ldy #$00
   119 0678 B9 02 40		move	lda video1+2,y
   120 067B 99 00 40			sta video1,y
   121 067E B9 42 40			lda video2+2,y
   122 0681 99 40 40			sta video2,y
   123 0684 C8				iny
   124 0685 C0 2C			cpy #$2c
   125 0687 D0 EF			bne move
   126
   127 					; put new spare characters
   128 0689 A4 C6			ldy chcntr
   129 068B 8C 2C 40			sty video1+$2c
   130 068E C8				iny
   131 068F 8C 2D 40			sty video1+$2d
   132 0692 C8				iny
   133 0693 8C 6C 40			sty video2+$2c
   134 0696 C8				iny
   135 0697 8C 6D 40			sty video2+$2d
   136 069A C8				iny
   137 069B 98				tya
   138 069C 29 7F			and #$7f
   139 069E 85 C6			sta chcntr
   140
   141 					; point to the next character of scroll text
   142 06A0 E6 C0			inc txtptr
   143 06A2 D0 02			bne skip1
   144 06A4 E6 C1			inc txtptr+1
   145 06A6			skip1
   146
   147 					; check if it is the end of scroll text
   148 06A6 A5 C0			lda txtptr
   149 06A8 C9 BA			cmp #<textend
   150 06AA D0 0E			bne skip2
   151 06AC A5 C1			lda txtptr+1
   152 06AE C9 09			cmp #>textend
   153 06B0 D0 08			bne skip2
   154
   155 					; initialize text pointer to the first character of scroll text
   156 06B2 A9 00			lda <text
   157 06B4 85 C0			sta txtptr
   158 06B6 A9 09			lda >text
   159 06B8 85 C1			sta txtptr+1
   160
   161 06BA 4C 1D 06		skip2	jmp main
   162
   163
   164 					; display list
   165 06BD 70 70 70		dlist	.byte $70, $70, $70		; 24 blank lines
   166 06C0 52				.byte $02 | $40 | $10		; mode 2 + LMS + HSCROLL
   167 06C1 00 40			.byte $00, $40			; screen address
   168 06C3 52				.byte $02 | $40 | $10		; mode 2 + LMS + HSCROLL
   169 06C4 40 40			.byte $40, $40			; screen address
   170 06C6 41				.byte $41			; jump and wait for VBLANK
   171 06C7 BD 06			.byte <dlist, >dlist		; jump to this address
   172
   173
   174 					; data comes from "2x2ScrollData2.json"
   175 06C9				icl '2X2DTA2.ASM'
     1 				; "Scroll Packer" v0.1, 2020-07-16 22:28:43, "2x2ScrollData2\2x2ScrollData2.json"
     2
     3 06C9				org $900
     4
     5 				; scroll text, length: 186, unique characters: 128
     6 0900-09B9> 00 01 02 03 + text	.byte $00, $01, $02, $03, $00, $04, $05, $03	;  Hey guy
     7 0908 06 07 00 08 09 0A + 	.byte $06, $07, $00, $08, $09, $0a, $00, $09	; s! It['s] t
     8 0910 0B 02 00 0C 02 0D + 	.byte $0b, $02, $00, $0c, $02, $0d, $0e, $00	; he demo 
     9 0918 0E 0F 00 10 11 12 + 	.byte $0e, $0f, $00, $10, $11, $12, $13, $14	; of SCROL
    10 0920 14 15 16 17 11 18 + 	.byte $14, $15, $16, $17, $11, $18, $19, $12	; L PACKER
    11 0928 1A 00 1B 00 1C 1D + 	.byte $1a, $00, $1b, $00, $1c, $1d, $1e, $1f	; [...] [Atari logo] IS T
    12 0930 20 21 1E 22 21 1D + 	.byte $20, $21, $1e, $22, $21, $1d, $1f, $23	; HE BEST!
    13 0938 1E 24 02 00 25 00 + 	.byte $1e, $24, $02, $00, $25, $00, $03, $0e	;  We [heart] yo
    14 0940 05 07 00 26 27 28 + 	.byte $05, $07, $00, $26, $27, $28, $26, $27	; u! GŻEGŻ
    15 0948 29 2A 2B 2C 00 04 + 	.byte $29, $2a, $2b, $2c, $00, $04, $2d, $02	; ÓŁKA gże
    16 0950 04 2D 2E 2F 30 31 + 	.byte $04, $2d, $2e, $2f, $30, $31, $00, $2c	; gżółka A
    17 0958 32 33 34 28 35 26 + 	.byte $32, $33, $34, $28, $35, $26, $01, $08	; BCDEFGHI
    18 0960 36 2B 37 38 39 3A + 	.byte $36, $2b, $37, $38, $39, $3a, $3b, $3c	; JKLMNOPQ
    19 0968 3D 3E 3F 40 41 24 + 	.byte $3d, $3e, $3f, $40, $41, $24, $42, $43	; RSTUVWXY
    20 0970 44 45 46 47 48 49 + 	.byte $44, $45, $46, $47, $48, $49, $4a, $4b	; Z0123456
    21 0978 4C 4D 4E 17 4F 11 + 	.byte $4c, $4d, $4e, $17, $4f, $11, $50, $19	; 789ABCDE
    22 0980 51 52 53 54 55 18 + 	.byte $51, $52, $53, $54, $55, $18, $14, $56	; FGHIJKLM
    23 0988 57 13 16 58 12 10 + 	.byte $57, $13, $16, $58, $12, $10, $59, $5a	; NOPQRSTU
    24 0990 5B 5C 5D 5E 5F 60 + 	.byte $5b, $5c, $5d, $5e, $5f, $60, $61, $62	; VWXYZ012
    25 0998 63 64 65 66 67 68 + 	.byte $63, $64, $65, $66, $67, $68, $69, $6a	; 34567890
    26 09A0 6B 6C 6D 6E 6F 70 + 	.byte $6b, $6c, $6d, $6e, $6f, $70, $71, $72	; 12345678
    27 09A8 73 74 75 76 77 23 + 	.byte $73, $74, $75, $76, $77, $23, $78, $79	; 9.,:_!?\
    28 09B0 7A 7B 7C 7D 7E 7F + 	.byte $7a, $7b, $7c, $7d, $7e, $7f, $1e, $1e	; /"'()%  
    29 09B8 1E 1E			.byte $1e, $1e	;   
    30 09BA			textend
    31
    32 09BA				org $7000
    33
    34 				; fonts data
    35 7000-7FFF> 00 00 00 00 + fonts	.byte $00, $00, $00, $00, $00, $00, $00, $00	; " " {n} 0_0
    36 7008 00 00 00 00 00 00 + 	.byte $00, $00, $00, $00, $00, $00, $00, $00	; " " {n} 1_0
    37 7010 00 00 00 00 00 00 + 	.byte $00, $00, $00, $00, $00, $00, $00, $00	; " " {n} 0_1
    38 7018 00 00 00 00 00 00 + 	.byte $00, $00, $00, $00, $00, $00, $00, $00	; " " {n} 1_1
    39 7020 80 80 80 80 80 80 + 	.byte $80, $80, $80, $80, $80, $80, $80, $ff	; "H" {n} 0_0
    40 7028 08 08 08 08 08 08 + 	.byte $08, $08, $08, $08, $08, $08, $08, $f8	; "H" {n} 1_0
    41 7030 80 80 80 80 80 80 + 	.byte $80, $80, $80, $80, $80, $80, $80, $00	; "H" {n} 0_1
    42 7038 08 08 08 08 08 08 + 	.byte $08, $08, $08, $08, $08, $08, $08, $00	; "H" {n} 1_1
    43 7040 00 00 00 00 0F 30 + 	.byte $00, $00, $00, $00, $0f, $30, $40, $80	; "e" {s} 0_0
    44 7048 00 00 00 00 80 60 + 	.byte $00, $00, $00, $00, $80, $60, $10, $08	; "e" {s} 1_0
    45 7050 80 FF 80 80 40 30 + 	.byte $80, $ff, $80, $80, $40, $30, $0f, $00	; "e" {s} 0_1
    46 7058 08 F8 00 00 08 30 + 	.byte $08, $f8, $00, $00, $08, $30, $c0, $00	; "e" {s} 1_1
    47 7060 00 00 00 00 80 80 + 	.byte $00, $00, $00, $00, $80, $80, $80, $80	; "y" {s} 0_0
    48 7068 00 00 00 00 08 08 + 	.byte $00, $00, $00, $00, $08, $08, $08, $08	; "y" {s} 1_0
    49 7070 40 30 0F 00 80 60 + 	.byte $40, $30, $0f, $00, $80, $60, $1f, $00	; "y" {s} 0_1
    50 7078 18 68 88 08 10 60 + 	.byte $18, $68, $88, $08, $10, $60, $80, $00	; "y" {s} 1_1
    51 7080 00 00 00 00 0F 30 + 	.byte $00, $00, $00, $00, $0f, $30, $40, $80	; "g" {s} 0_0
    52 7088 00 00 00 00 80 60 + 	.byte $00, $00, $00, $00, $80, $60, $10, $08	; "g" {s} 1_0
    53 7090 80 60 1F 00 80 60 + 	.byte $80, $60, $1f, $00, $80, $60, $1f, $00	; "g" {s} 0_1
    54 7098 18 68 88 08 10 60 + 	.byte $18, $68, $88, $08, $10, $60, $80, $00	; "g" {s} 1_1
    55 70A0 00 00 00 00 80 80 + 	.byte $00, $00, $00, $00, $80, $80, $80, $80	; "u" {s} 0_0
    56 70A8 00 00 00 00 08 08 + 	.byte $00, $00, $00, $00, $08, $08, $08, $08	; "u" {s} 1_0
    57 70B0 80 80 80 80 40 30 + 	.byte $80, $80, $80, $80, $40, $30, $0f, $00	; "u" {s} 0_1
    58 70B8 08 08 08 08 18 68 + 	.byte $08, $08, $08, $08, $18, $68, $88, $00	; "u" {s} 1_1
    59 70C0 00 00 00 00 1F 60 + 	.byte $00, $00, $00, $00, $1f, $60, $80, $80	; "s" {s} 0_0
    60 70C8 00 00 00 00 C0 30 + 	.byte $00, $00, $00, $00, $c0, $30, $08, $00	; "s" {s} 1_0
    61 70D0 60 1F 00 00 80 60 + 	.byte $60, $1f, $00, $00, $80, $60, $1f, $00	; "s" {s} 0_1
    62 70D8 00 C0 30 08 08 30 + 	.byte $00, $c0, $30, $08, $08, $30, $c0, $00	; "s" {s} 1_1
    63 70E0 10 10 10 10 10 10 + 	.byte $10, $10, $10, $10, $10, $10, $10, $10	; "!" {n} 0_0
    64 70E8 00 00 00 00 00 00 + 	.byte $00, $00, $00, $00, $00, $00, $00, $00	; "!" {n} 1_0
    65 70F0 10 10 00 00 10 28 + 	.byte $10, $10, $00, $00, $10, $28, $10, $00	; "!" {n} 0_1
    66 70F8 00 00 00 00 00 00 + 	.byte $00, $00, $00, $00, $00, $00, $00, $00	; "!" {n} 1_1
    67 7100 3F 02 02 02 02 02 + 	.byte $3f, $02, $02, $02, $02, $02, $02, $02	; "I" {n} 0_0
    68 7108 E0 00 00 00 00 00 + 	.byte $e0, $00, $00, $00, $00, $00, $00, $00	; "I" {n} 1_0
    69 7110 02 02 02 02 02 02 + 	.byte $02, $02, $02, $02, $02, $02, $3f, $00	; "I" {n} 0_1
    70 7118 00 00 00 00 00 00 + 	.byte $00, $00, $00, $00, $00, $00, $e0, $00	; "I" {n} 1_1
    71 7120 04 04 04 04 FF 04 + 	.byte $04, $04, $04, $04, $ff, $04, $04, $04	; "t" {s} 0_0
    72 7128 00 00 00 00 E0 00 + 	.byte $00, $00, $00, $00, $e0, $00, $00, $00	; "t" {s} 1_0
    73 7130 04 04 04 04 04 02 + 	.byte $04, $04, $04, $04, $04, $02, $01, $00	; "t" {s} 0_1
    74 7138 00 00 00 08 08 10 + 	.byte $00, $00, $00, $08, $08, $10, $e0, $00	; "t" {s} 1_1
    75 7140 80 80 40 00 1F 60 + 	.byte $80, $80, $40, $00, $1f, $60, $80, $80	; "['s]" {s} 0_0
    76 7148 00 00 00 00 C0 30 + 	.byte $00, $00, $00, $00, $c0, $30, $08, $00	; "['s]" {s} 1_0
    77 7150 60 1F 00 00 80 60 + 	.byte $60, $1f, $00, $00, $80, $60, $1f, $00	; "['s]" {s} 0_1
    78 7158 00 E0 18 04 04 18 + 	.byte $00, $e0, $18, $04, $04, $18, $e0, $00	; "['s]" {s} 1_1
    79 7160 80 80 80 80 8F B0 + 	.byte $80, $80, $80, $80, $8f, $b0, $c0, $80	; "h" {s} 0_0
    80 7168 00 00 00 00 80 60 + 	.byte $00, $00, $00, $00, $80, $60, $10, $08	; "h" {s} 1_0
    81 7170 80 80 80 80 80 80 + 	.byte $80, $80, $80, $80, $80, $80, $80, $00	; "h" {s} 0_1
    82 7178 08 08 08 08 08 08 + 	.byte $08, $08, $08, $08, $08, $08, $08, $00	; "h" {s} 1_1
    83 7180 00 00 00 00 0F 30 + 	.byte $00, $00, $00, $00, $0f, $30, $40, $80	; "d" {s} 0_0
    84 7188 08 08 08 08 88 68 + 	.byte $08, $08, $08, $08, $88, $68, $18, $08	; "d" {s} 1_0
    85 7190 80 80 80 80 40 30 + 	.byte $80, $80, $80, $80, $40, $30, $0f, $00	; "d" {s} 0_1
    86 7198 08 08 08 08 18 68 + 	.byte $08, $08, $08, $08, $18, $68, $88, $00	; "d" {s} 1_1
    87 71A0 00 00 00 00 38 45 + 	.byte $00, $00, $00, $00, $38, $45, $82, $82	; "m" {s} 0_0
    88 71A8 00 00 00 00 E0 10 + 	.byte $00, $00, $00, $00, $e0, $10, $08, $08	; "m" {s} 1_0
    89 71B0 82 82 82 82 82 82 + 	.byte $82, $82, $82, $82, $82, $82, $82, $00	; "m" {s} 0_1
    90 71B8 08 08 08 08 08 08 + 	.byte $08, $08, $08, $08, $08, $08, $08, $00	; "m" {s} 1_1
    91 71C0 00 00 00 00 0F 30 + 	.byte $00, $00, $00, $00, $0f, $30, $40, $80	; "o" {s} 0_0
    92 71C8 00 00 00 00 80 60 + 	.byte $00, $00, $00, $00, $80, $60, $10, $08	; "o" {s} 1_0
    93 71D0 80 80 80 80 40 30 + 	.byte $80, $80, $80, $80, $40, $30, $0f, $00	; "o" {s} 0_1
    94 71D8 08 08 08 08 10 60 + 	.byte $08, $08, $08, $08, $10, $60, $80, $00	; "o" {s} 1_1
    95 71E0 03 04 08 08 08 08 + 	.byte $03, $04, $08, $08, $08, $08, $08, $08	; "f" {s} 0_0
    96 71E8 E0 10 08 08 00 00 + 	.byte $e0, $10, $08, $08, $00, $00, $00, $00	; "f" {s} 1_0
    97 71F0 08 FF 08 08 08 08 + 	.byte $08, $ff, $08, $08, $08, $08, $08, $00	; "f" {s} 0_1
    98 71F8 00 80 00 00 00 00 + 	.byte $00, $80, $00, $00, $00, $00, $00, $00	; "f" {s} 1_1
    99 7200 0F 38 60 C0 C0 60 + 	.byte $0f, $38, $60, $c0, $c0, $60, $38, $0f	; "S" {b} 0_0
   100 7208 80 E0 30 18 18 00 + 	.byte $80, $e0, $30, $18, $18, $00, $00, $80	; "S" {b} 1_0
   101 7210 00 00 C0 C0 60 38 + 	.byte $00, $00, $c0, $c0, $60, $38, $0f, $00	; "S" {b} 0_1
   102 7218 E0 30 18 18 30 E0 + 	.byte $e0, $30, $18, $18, $30, $e0, $80, $00	; "S" {b} 1_1
   103 7220 07 1C 30 60 60 C0 + 	.byte $07, $1c, $30, $60, $60, $c0, $c0, $c0	; "C" {b} 0_0
   104 7228 80 E0 30 18 18 00 + 	.byte $80, $e0, $30, $18, $18, $00, $00, $00	; "C" {b} 1_0
   105 7230 C0 C0 60 60 30 1C + 	.byte $c0, $c0, $60, $60, $30, $1c, $07, $00	; "C" {b} 0_1
   106 7238 00 00 18 18 30 E0 + 	.byte $00, $00, $18, $18, $30, $e0, $80, $00	; "C" {b} 1_1
   107 7240 FF C0 C0 C0 C0 C0 + 	.byte $ff, $c0, $c0, $c0, $c0, $c0, $c0, $ff	; "R" {b} 0_0
   108 7248 80 E0 30 18 18 30 + 	.byte $80, $e0, $30, $18, $18, $30, $e0, $80	; "R" {b} 1_0
   109 7250 C3 C1 C0 C0 C0 C0 + 	.byte $c3, $c1, $c0, $c0, $c0, $c0, $c0, $00	; "R" {b} 0_1
   110 7258 00 80 C0 60 30 18 + 	.byte $00, $80, $c0, $60, $30, $18, $18, $00	; "R" {b} 1_1
   111 7260 07 1D 30 60 60 C0 + 	.byte $07, $1d, $30, $60, $60, $c0, $c0, $c0	; "O" {b} 0_0
   112 7268 00 C0 60 30 30 18 + 	.byte $00, $c0, $60, $30, $30, $18, $18, $18	; "O" {b} 1_0
   113 7270 C0 C0 60 60 30 1D + 	.byte $c0, $c0, $60, $60, $30, $1d, $07, $00	; "O" {b} 0_1
   114 7278 18 18 30 30 60 C0 + 	.byte $18, $18, $30, $30, $60, $c0, $00, $00	; "O" {b} 1_1
   115 7280 C0 C0 C0 C0 C0 C0 + 	.byte $c0, $c0, $c0, $c0, $c0, $c0, $c0, $c0	; "L" {b} 0_0
   116 7288 00 00 00 00 00 00 + 	.byte $00, $00, $00, $00, $00, $00, $00, $00	; "L" {b} 1_0
   117 7290 C0 C0 C0 C0 C0 C0 + 	.byte $c0, $c0, $c0, $c0, $c0, $c0, $ff, $00	; "L" {b} 0_1
   118 7298 00 00 00 00 00 00 + 	.byte $00, $00, $00, $00, $00, $00, $f8, $00	; "L" {b} 1_1
   119 72A0 00 00 00 00 00 00 + 	.byte $00, $00, $00, $00, $00, $00, $00, $00	; " " {b} 0_0
   120 72A8 00 00 00 00 00 00 + 	.byte $00, $00, $00, $00, $00, $00, $00, $00	; " " {b} 1_0
   121 72B0 00 00 00 00 00 00 + 	.byte $00, $00, $00, $00, $00, $00, $00, $00	; " " {b} 0_1
   122 72B8 00 00 00 00 00 00 + 	.byte $00, $00, $00, $00, $00, $00, $00, $00	; " " {b} 1_1
   123 72C0 FF C0 C0 C0 C0 C0 + 	.byte $ff, $c0, $c0, $c0, $c0, $c0, $c0, $ff	; "P" {b} 0_0
   124 72C8 80 E0 30 18 18 30 + 	.byte $80, $e0, $30, $18, $18, $30, $e0, $80	; "P" {b} 1_0
   125 72D0 C0 C0 C0 C0 C0 C0 + 	.byte $c0, $c0, $c0, $c0, $c0, $c0, $c0, $00	; "P" {b} 0_1
   126 72D8 00 00 00 00 00 00 + 	.byte $00, $00, $00, $00, $00, $00, $00, $00	; "P" {b} 1_1
   127 72E0 07 1D 30 60 60 C0 + 	.byte $07, $1d, $30, $60, $60, $c0, $c0, $ff	; "A" {b} 0_0
   128 72E8 00 C0 60 30 30 18 + 	.byte $00, $c0, $60, $30, $30, $18, $18, $f8	; "A" {b} 1_0
   129 72F0 C0 C0 C0 C0 C0 C0 + 	.byte $c0, $c0, $c0, $c0, $c0, $c0, $c0, $00	; "A" {b} 0_1
   130 72F8 18 18 18 18 18 18 + 	.byte $18, $18, $18, $18, $18, $18, $18, $00	; "A" {b} 1_1
   131 7300 C0 C0 C0 C0 C1 C3 + 	.byte $c0, $c0, $c0, $c0, $c1, $c3, $c6, $fc	; "K" {b} 0_0
   132 7308 18 30 60 C0 80 00 + 	.byte $18, $30, $60, $c0, $80, $00, $00, $00	; "K" {b} 1_0
   133 7310 C6 C3 C1 C0 C0 C0 + 	.byte $c6, $c3, $c1, $c0, $c0, $c0, $c0, $00	; "K" {b} 0_1
   134 7318 00 00 80 C0 60 30 + 	.byte $00, $00, $80, $c0, $60, $30, $18, $00	; "K" {b} 1_1
   135 7320 FF C0 C0 C0 C0 C0 + 	.byte $ff, $c0, $c0, $c0, $c0, $c0, $c0, $ff	; "E" {b} 0_0
   136 7328 F8 00 00 00 00 00 + 	.byte $f8, $00, $00, $00, $00, $00, $00, $e0	; "E" {b} 1_0
   137 7330 C0 C0 C0 C0 C0 C0 + 	.byte $c0, $c0, $c0, $c0, $c0, $c0, $ff, $00	; "E" {b} 0_1
   138 7338 00 00 00 00 00 00 + 	.byte $00, $00, $00, $00, $00, $00, $f8, $00	; "E" {b} 1_1
   139 7340 00 00 00 00 00 00 + 	.byte $00, $00, $00, $00, $00, $00, $00, $00	; "[...]" {n} 0_0
   140 7348 00 00 00 00 00 00 + 	.byte $00, $00, $00, $00, $00, $00, $00, $00	; "[...]" {n} 1_0
   141 7350 00 00 00 00 11 2A + 	.byte $00, $00, $00, $00, $11, $2a, $11, $00	; "[...]" {n} 0_1
   142 7358 00 00 00 00 10 A8 + 	.byte $00, $00, $00, $00, $10, $a8, $10, $00	; "[...]" {n} 1_1
   143 7360 00 0A 0A 0A 0A 0A + 	.byte $00, $0a, $0a, $0a, $0a, $0a, $0a, $0a	; "[Atari logo]" {n} 0_0
   144 7368 00 80 80 80 80 80 + 	.byte $00, $80, $80, $80, $80, $80, $80, $80	; "[Atari logo]" {n} 1_0
   145 7370 12 12 22 22 42 82 + 	.byte $12, $12, $22, $22, $42, $82, $00, $00	; "[Atari logo]" {n} 0_1
   146 7378 40 40 20 20 10 08 + 	.byte $40, $40, $20, $20, $10, $08, $00, $00	; "[Atari logo]" {n} 1_1
   147 7380 1F 03 03 03 03 03 + 	.byte $1f, $03, $03, $03, $03, $03, $03, $03	; "I" {slop} 0_0
   148 7388 E0 00 00 00 00 00 + 	.byte $e0, $00, $00, $00, $00, $00, $00, $00	; "I" {slop} 1_0
   149 7390 03 03 03 03 03 03 + 	.byte $03, $03, $03, $03, $03, $03, $1f, $00	; "I" {slop} 0_1
   150 7398 00 00 00 00 00 00 + 	.byte $00, $00, $00, $00, $00, $00, $e0, $00	; "I" {slop} 1_1
   151 73A0 1F 20 40 C0 C0 C0 + 	.byte $1f, $20, $40, $c0, $c0, $c0, $40, $20	; "S" {slop} 0_0
   152 73A8 C0 20 10 08 00 00 + 	.byte $c0, $20, $10, $08, $00, $00, $00, $00	; "S" {slop} 1_0
   153 73B0 1F 00 00 80 40 20 + 	.byte $1f, $00, $00, $80, $40, $20, $1f, $00	; "S" {slop} 0_1
   154 73B8 C0 20 10 08 10 20 + 	.byte $c0, $20, $10, $08, $10, $20, $c0, $00	; "S" {slop} 1_1
   155 73C0 00 00 00 00 00 00 + 	.byte $00, $00, $00, $00, $00, $00, $00, $00	; " " {slop} 0_0
   156 73C8 00 00 00 00 00 00 + 	.byte $00, $00, $00, $00, $00, $00, $00, $00	; " " {slop} 1_0
   157 73D0 00 00 00 00 00 00 + 	.byte $00, $00, $00, $00, $00, $00, $00, $00	; " " {slop} 0_1
   158 73D8 00 00 00 00 00 00 + 	.byte $00, $00, $00, $00, $00, $00, $00, $00	; " " {slop} 1_1
   159 73E0 7F 03 03 03 03 03 + 	.byte $7f, $03, $03, $03, $03, $03, $03, $03	; "T" {slop} 0_0
   160 73E8 F8 00 00 00 00 00 + 	.byte $f8, $00, $00, $00, $00, $00, $00, $00	; "T" {slop} 1_0
   161 73F0 03 03 03 03 03 03 + 	.byte $03, $03, $03, $03, $03, $03, $03, $00	; "T" {slop} 0_1
   162 73F8 00 00 00 00 00 00 + 	.byte $00, $00, $00, $00, $00, $00, $00, $00	; "T" {slop} 1_1
   163 7400 C0 C0 C0 C0 C0 C0 + 	.byte $c0, $c0, $c0, $c0, $c0, $c0, $c0, $ff	; "H" {slop} 0_0
   164 7408 08 08 08 08 08 08 + 	.byte $08, $08, $08, $08, $08, $08, $08, $f8	; "H" {slop} 1_0
   165 7410 C0 C0 C0 C0 C0 C0 + 	.byte $c0, $c0, $c0, $c0, $c0, $c0, $c0, $00	; "H" {slop} 0_1
   166 7418 08 08 08 08 08 08 + 	.byte $08, $08, $08, $08, $08, $08, $08, $00	; "H" {slop} 1_1
   167 7420 FF C0 C0 C0 C0 C0 + 	.byte $ff, $c0, $c0, $c0, $c0, $c0, $c0, $ff	; "E" {slop} 0_0
   168 7428 F8 00 00 00 00 00 + 	.byte $f8, $00, $00, $00, $00, $00, $00, $80	; "E" {slop} 1_0
   169 7430 C0 C0 C0 C0 C0 C0 + 	.byte $c0, $c0, $c0, $c0, $c0, $c0, $ff, $00	; "E" {slop} 0_1
   170 7438 00 00 00 00 00 00 + 	.byte $00, $00, $00, $00, $00, $00, $f8, $00	; "E" {slop} 1_1
   171 7440 FF C0 C0 C0 C0 C0 + 	.byte $ff, $c0, $c0, $c0, $c0, $c0, $c0, $ff	; "B" {slop} 0_0
   172 7448 00 80 40 20 10 08 + 	.byte $00, $80, $40, $20, $10, $08, $10, $e0	; "B" {slop} 1_0
   173 7450 C0 C0 C0 C0 C0 C0 + 	.byte $c0, $c0, $c0, $c0, $c0, $c0, $ff, $00	; "B" {slop} 0_1
   174 7458 10 08 10 20 40 80 + 	.byte $10, $08, $10, $20, $40, $80, $00, $00	; "B" {slop} 1_1
   175 7460 30 30 30 30 30 30 + 	.byte $30, $30, $30, $30, $30, $30, $30, $30	; "!" {slop} 0_0
   176 7468 00 00 00 00 00 00 + 	.byte $00, $00, $00, $00, $00, $00, $00, $00	; "!" {slop} 1_0
   177 7470 30 30 00 00 30 78 + 	.byte $30, $30, $00, $00, $30, $78, $30, $00	; "!" {slop} 0_1
   178 7478 00 00 00 00 00 00 + 	.byte $00, $00, $00, $00, $00, $00, $00, $00	; "!" {slop} 1_1
   179 7480 80 80 80 80 80 82 + 	.byte $80, $80, $80, $80, $80, $82, $85, $85	; "W" {n} 0_0
   180 7488 08 08 08 08 08 08 + 	.byte $08, $08, $08, $08, $08, $08, $08, $08	; "W" {n} 1_0
   181 7490 88 88 90 90 A0 A0 + 	.byte $88, $88, $90, $90, $a0, $a0, $c0, $00	; "W" {n} 0_1
   182 7498 88 88 48 48 28 28 + 	.byte $88, $88, $48, $48, $28, $28, $18, $00	; "W" {n} 1_1
   183 74A0 00 38 45 82 80 80 + 	.byte $00, $38, $45, $82, $80, $80, $80, $40	; "[heart]" {n} 0_0
   184 74A8 00 E0 10 08 08 08 + 	.byte $00, $e0, $10, $08, $08, $08, $08, $10	; "[heart]" {n} 1_0
   185 74B0 20 10 08 05 02 00 + 	.byte $20, $10, $08, $05, $02, $00, $00, $00	; "[heart]" {n} 0_1
   186 74B8 20 40 80 00 00 00 + 	.byte $20, $40, $80, $00, $00, $00, $00, $00	; "[heart]" {n} 1_1
   187 74C0 07 18 20 40 40 80 + 	.byte $07, $18, $20, $40, $40, $80, $80, $81	; "G" {n} 0_0
   188 74C8 80 60 10 08 08 00 + 	.byte $80, $60, $10, $08, $08, $00, $00, $f8	; "G" {n} 1_0
   189 74D0 80 80 40 40 20 18 + 	.byte $80, $80, $40, $40, $20, $18, $07, $00	; "G" {n} 0_1
   190 74D8 08 08 08 08 10 60 + 	.byte $08, $08, $08, $08, $10, $60, $80, $00	; "G" {n} 1_1
   191 74E0 06 06 FF 00 00 00 + 	.byte $06, $06, $ff, $00, $00, $00, $00, $01	; "Ż" {Polish} 0_0
   192 74E8 00 00 F8 10 20 40 + 	.byte $00, $00, $f8, $10, $20, $40, $80, $00	; "Ż" {Polish} 1_0
   193 74F0 02 04 08 10 20 40 + 	.byte $02, $04, $08, $10, $20, $40, $ff, $00	; "Ż" {Polish} 0_1
   194 74F8 00 00 00 00 00 00 + 	.byte $00, $00, $00, $00, $00, $00, $f8, $00	; "Ż" {Polish} 1_1
   195 7500 FF 80 80 80 80 80 + 	.byte $ff, $80, $80, $80, $80, $80, $80, $ff	; "E" {n} 0_0
   196 7508 F8 00 00 00 00 00 + 	.byte $f8, $00, $00, $00, $00, $00, $00, $e0	; "E" {n} 1_0
   197 7510 80 80 80 80 80 80 + 	.byte $80, $80, $80, $80, $80, $80, $ff, $00	; "E" {n} 0_1
   198 7518 00 00 00 00 00 00 + 	.byte $00, $00, $00, $00, $00, $00, $f8, $00	; "E" {n} 1_1
   199 7520 00 01 07 1A 24 40 + 	.byte $00, $01, $07, $1a, $24, $40, $40, $80	; "Ó" {Polish} 0_0
   200 7528 80 00 00 C0 20 10 + 	.byte $80, $00, $00, $c0, $20, $10, $10, $08	; "Ó" {Polish} 1_0
   201 7530 80 80 40 40 20 18 + 	.byte $80, $80, $40, $40, $20, $18, $07, $00	; "Ó" {Polish} 0_1
   202 7538 08 08 10 10 20 C0 + 	.byte $08, $08, $10, $10, $20, $c0, $00, $00	; "Ó" {Polish} 1_1
   203 7540 20 20 20 20 22 24 + 	.byte $20, $20, $20, $20, $22, $24, $28, $30	; "Ł" {Polish} 0_0
   204 7548 00 00 00 00 00 00 + 	.byte $00, $00, $00, $00, $00, $00, $00, $00	; "Ł" {Polish} 1_0
   205 7550 20 60 A0 20 20 20 + 	.byte $20, $60, $a0, $20, $20, $20, $3f, $00	; "Ł" {Polish} 0_1
   206 7558 00 00 00 00 00 00 + 	.byte $00, $00, $00, $00, $00, $00, $f8, $00	; "Ł" {Polish} 1_1
   207 7560 80 80 80 80 80 81 + 	.byte $80, $80, $80, $80, $80, $81, $82, $fc	; "K" {n} 0_0
   208 7568 08 10 20 40 80 00 + 	.byte $08, $10, $20, $40, $80, $00, $00, $00	; "K" {n} 1_0
   209 7570 82 81 80 80 80 80 + 	.byte $82, $81, $80, $80, $80, $80, $80, $00	; "K" {n} 0_1
   210 7578 00 00 80 40 20 10 + 	.byte $00, $00, $80, $40, $20, $10, $08, $00	; "K" {n} 1_1
   211 7580 07 18 20 40 40 80 + 	.byte $07, $18, $20, $40, $40, $80, $80, $ff	; "A" {n} 0_0
   212 7588 00 C0 20 10 10 08 + 	.byte $00, $c0, $20, $10, $10, $08, $08, $f8	; "A" {n} 1_0
   213 7590 80 80 80 80 80 80 + 	.byte $80, $80, $80, $80, $80, $80, $80, $00	; "A" {n} 0_1
   214 7598 08 08 08 08 08 08 + 	.byte $08, $08, $08, $08, $08, $08, $08, $00	; "A" {n} 1_1
   215 75A0 00 03 03 00 FF 00 + 	.byte $00, $03, $03, $00, $ff, $00, $00, $00	; "ż" {Polish} 0_0
   216 75A8 00 00 00 00 F8 08 + 	.byte $00, $00, $00, $00, $f8, $08, $10, $20	; "ż" {Polish} 1_0
   217 75B0 00 07 18 20 40 80 + 	.byte $00, $07, $18, $20, $40, $80, $ff, $00	; "ż" {Polish} 0_1
   218 75B8 C0 00 00 00 00 00 + 	.byte $c0, $00, $00, $00, $00, $00, $f8, $00	; "ż" {Polish} 1_1
   219 75C0 00 01 02 00 0F 30 + 	.byte $00, $01, $02, $00, $0f, $30, $40, $80	; "ó" {Polish} 0_0
   220 75C8 80 00 00 00 80 60 + 	.byte $80, $00, $00, $00, $80, $60, $10, $08	; "ó" {Polish} 1_0
   221 75D0 80 80 80 80 40 30 + 	.byte $80, $80, $80, $80, $40, $30, $0f, $00	; "ó" {Polish} 0_1
   222 75D8 08 08 08 08 10 60 + 	.byte $08, $08, $08, $08, $10, $60, $80, $00	; "ó" {Polish} 1_1
   223 75E0 20 20 20 24 28 30 + 	.byte $20, $20, $20, $24, $28, $30, $20, $60	; "ł" {Polish} 0_0
   224 75E8 00 00 00 00 00 00 + 	.byte $00, $00, $00, $00, $00, $00, $00, $00	; "ł" {Polish} 1_0
   225 75F0 A0 20 20 20 20 10 + 	.byte $a0, $20, $20, $20, $20, $10, $0f, $00	; "ł" {Polish} 0_1
   226 75F8 00 00 00 20 20 40 + 	.byte $00, $00, $00, $20, $20, $40, $80, $00	; "ł" {Polish} 1_1
   227 7600 80 80 80 80 80 80 + 	.byte $80, $80, $80, $80, $80, $80, $80, $80	; "k" {s} 0_0
   228 7608 00 00 00 08 10 20 + 	.byte $00, $00, $00, $08, $10, $20, $40, $80	; "k" {s} 1_0
   229 7610 81 FE 81 80 80 80 + 	.byte $81, $fe, $81, $80, $80, $80, $80, $00	; "k" {s} 0_1
   230 7618 00 00 00 80 40 20 + 	.byte $00, $00, $00, $80, $40, $20, $10, $00	; "k" {s} 1_1
   231 7620 00 00 00 00 0F 30 + 	.byte $00, $00, $00, $00, $0f, $30, $40, $80	; "a" {s} 0_0
   232 7628 00 00 00 00 80 68 + 	.byte $00, $00, $00, $00, $80, $68, $18, $08	; "a" {s} 1_0
   233 7630 80 80 80 80 40 30 + 	.byte $80, $80, $80, $80, $40, $30, $0f, $00	; "a" {s} 0_1
   234 7638 08 08 08 08 18 68 + 	.byte $08, $08, $08, $08, $18, $68, $88, $00	; "a" {s} 1_1
   235 7640 FF 80 80 80 80 80 + 	.byte $ff, $80, $80, $80, $80, $80, $80, $ff	; "B" {n} 0_0
   236 7648 80 60 10 08 08 10 + 	.byte $80, $60, $10, $08, $08, $10, $60, $80	; "B" {n} 1_0
   237 7650 80 80 80 80 80 80 + 	.byte $80, $80, $80, $80, $80, $80, $ff, $00	; "B" {n} 0_1
   238 7658 60 10 08 08 10 60 + 	.byte $60, $10, $08, $08, $10, $60, $80, $00	; "B" {n} 1_1
   239 7660 07 18 20 40 40 80 + 	.byte $07, $18, $20, $40, $40, $80, $80, $80	; "C" {n} 0_0
   240 7668 80 60 10 08 08 00 + 	.byte $80, $60, $10, $08, $08, $00, $00, $00	; "C" {n} 1_0
   241 7670 80 80 40 40 20 18 + 	.byte $80, $80, $40, $40, $20, $18, $07, $00	; "C" {n} 0_1
   242 7678 00 00 08 08 10 60 + 	.byte $00, $00, $08, $08, $10, $60, $80, $00	; "C" {n} 1_1
   243 7680 FF 80 80 80 80 80 + 	.byte $ff, $80, $80, $80, $80, $80, $80, $80	; "D" {n} 0_0
   244 7688 00 C0 20 10 10 08 + 	.byte $00, $c0, $20, $10, $10, $08, $08, $08	; "D" {n} 1_0
   245 7690 80 80 80 80 80 80 + 	.byte $80, $80, $80, $80, $80, $80, $ff, $00	; "D" {n} 0_1
   246 7698 08 08 10 10 20 C0 + 	.byte $08, $08, $10, $10, $20, $c0, $00, $00	; "D" {n} 1_1
   247 76A0 FF 80 80 80 80 80 + 	.byte $ff, $80, $80, $80, $80, $80, $80, $ff	; "F" {n} 0_0
   248 76A8 F8 00 00 00 00 00 + 	.byte $f8, $00, $00, $00, $00, $00, $00, $e0	; "F" {n} 1_0
   249 76B0 80 80 80 80 80 80 + 	.byte $80, $80, $80, $80, $80, $80, $80, $00	; "F" {n} 0_1
   250 76B8 00 00 00 00 00 00 + 	.byte $00, $00, $00, $00, $00, $00, $00, $00	; "F" {n} 1_1
   251 76C0 FF 00 00 00 00 00 + 	.byte $ff, $00, $00, $00, $00, $00, $00, $00	; "J" {n} 0_0
   252 76C8 F8 08 08 08 08 08 + 	.byte $f8, $08, $08, $08, $08, $08, $08, $08	; "J" {n} 1_0
   253 76D0 00 00 80 80 40 30 + 	.byte $00, $00, $80, $80, $40, $30, $0f, $00	; "J" {n} 0_1
   254 76D8 08 08 10 10 20 C0 + 	.byte $08, $08, $10, $10, $20, $c0, $00, $00	; "J" {n} 1_1
   255 76E0 80 80 80 80 80 80 + 	.byte $80, $80, $80, $80, $80, $80, $80, $80	; "L" {n} 0_0
   256 76E8 00 00 00 00 00 00 + 	.byte $00, $00, $00, $00, $00, $00, $00, $00	; "L" {n} 1_0
   257 76F0 80 80 80 80 80 80 + 	.byte $80, $80, $80, $80, $80, $80, $ff, $00	; "L" {n} 0_1
   258 76F8 00 00 00 00 00 00 + 	.byte $00, $00, $00, $00, $00, $00, $f8, $00	; "L" {n} 1_1
   259 7700 C0 A0 90 88 85 82 + 	.byte $c0, $a0, $90, $88, $85, $82, $80, $80	; "M" {n} 0_0
   260 7708 18 28 48 88 08 08 + 	.byte $18, $28, $48, $88, $08, $08, $08, $08	; "M" {n} 1_0
   261 7710 80 80 80 80 80 80 + 	.byte $80, $80, $80, $80, $80, $80, $80, $00	; "M" {n} 0_1
   262 7718 08 08 08 08 08 08 + 	.byte $08, $08, $08, $08, $08, $08, $08, $00	; "M" {n} 1_1
   263 7720 80 80 C0 A0 90 88 + 	.byte $80, $80, $c0, $a0, $90, $88, $84, $82	; "N" {n} 0_0
   264 7728 08 08 08 08 08 08 + 	.byte $08, $08, $08, $08, $08, $08, $08, $08	; "N" {n} 1_0
   265 7730 81 80 80 80 80 80 + 	.byte $81, $80, $80, $80, $80, $80, $80, $00	; "N" {n} 0_1
   266 7738 08 88 48 28 18 08 + 	.byte $08, $88, $48, $28, $18, $08, $08, $00	; "N" {n} 1_1
   267 7740 07 18 20 40 40 80 + 	.byte $07, $18, $20, $40, $40, $80, $80, $80	; "O" {n} 0_0
   268 7748 00 C0 20 10 10 08 + 	.byte $00, $c0, $20, $10, $10, $08, $08, $08	; "O" {n} 1_0
   269 7750 80 80 40 40 20 18 + 	.byte $80, $80, $40, $40, $20, $18, $07, $00	; "O" {n} 0_1
   270 7758 08 08 10 10 20 C0 + 	.byte $08, $08, $10, $10, $20, $c0, $00, $00	; "O" {n} 1_1
   271 7760 FF 80 80 80 80 80 + 	.byte $ff, $80, $80, $80, $80, $80, $80, $ff	; "P" {n} 0_0
   272 7768 80 60 10 08 08 10 + 	.byte $80, $60, $10, $08, $08, $10, $60, $80	; "P" {n} 1_0
   273 7770 80 80 80 80 80 80 + 	.byte $80, $80, $80, $80, $80, $80, $80, $00	; "P" {n} 0_1
   274 7778 00 00 00 00 00 00 + 	.byte $00, $00, $00, $00, $00, $00, $00, $00	; "P" {n} 1_1
   275 7780 07 18 20 40 40 80 + 	.byte $07, $18, $20, $40, $40, $80, $80, $80	; "Q" {n} 0_0
   276 7788 00 C0 20 10 10 08 + 	.byte $00, $c0, $20, $10, $10, $08, $08, $08	; "Q" {n} 1_0
   277 7790 80 80 40 40 20 18 + 	.byte $80, $80, $40, $40, $20, $18, $07, $00	; "Q" {n} 0_1
   278 7798 08 08 90 50 20 D0 + 	.byte $08, $08, $90, $50, $20, $d0, $08, $00	; "Q" {n} 1_1
   279 77A0 FF 80 80 80 80 80 + 	.byte $ff, $80, $80, $80, $80, $80, $80, $ff	; "R" {n} 0_0
   280 77A8 80 60 10 08 08 10 + 	.byte $80, $60, $10, $08, $08, $10, $60, $80	; "R" {n} 1_0
   281 77B0 81 80 80 80 80 80 + 	.byte $81, $80, $80, $80, $80, $80, $80, $00	; "R" {n} 0_1
   282 77B8 00 80 40 20 10 08 + 	.byte $00, $80, $40, $20, $10, $08, $08, $00	; "R" {n} 1_1
   283 77C0 0F 30 40 80 80 40 + 	.byte $0f, $30, $40, $80, $80, $40, $30, $0f	; "S" {n} 0_0
   284 77C8 80 60 10 08 08 00 + 	.byte $80, $60, $10, $08, $08, $00, $00, $80	; "S" {n} 1_0
   285 77D0 00 00 80 80 40 30 + 	.byte $00, $00, $80, $80, $40, $30, $0f, $00	; "S" {n} 0_1
   286 77D8 60 10 08 08 10 60 + 	.byte $60, $10, $08, $08, $10, $60, $80, $00	; "S" {n} 1_1
   287 77E0 FF 02 02 02 02 02 + 	.byte $ff, $02, $02, $02, $02, $02, $02, $02	; "T" {n} 0_0
   288 77E8 F8 00 00 00 00 00 + 	.byte $f8, $00, $00, $00, $00, $00, $00, $00	; "T" {n} 1_0
   289 77F0 02 02 02 02 02 02 + 	.byte $02, $02, $02, $02, $02, $02, $02, $00	; "T" {n} 0_1
   290 77F8 00 00 00 00 00 00 + 	.byte $00, $00, $00, $00, $00, $00, $00, $00	; "T" {n} 1_1
   291 7800 80 80 80 80 80 80 + 	.byte $80, $80, $80, $80, $80, $80, $80, $80	; "U" {n} 0_0
   292 7808 08 08 08 08 08 08 + 	.byte $08, $08, $08, $08, $08, $08, $08, $08	; "U" {n} 1_0
   293 7810 80 80 40 40 20 18 + 	.byte $80, $80, $40, $40, $20, $18, $07, $00	; "U" {n} 0_1
   294 7818 08 08 10 10 20 C0 + 	.byte $08, $08, $10, $10, $20, $c0, $00, $00	; "U" {n} 1_1
   295 7820 80 80 80 40 40 20 + 	.byte $80, $80, $80, $40, $40, $20, $20, $10	; "V" {n} 0_0
   296 7828 08 08 08 10 10 20 + 	.byte $08, $08, $08, $10, $10, $20, $20, $40	; "V" {n} 1_0
   297 7830 10 08 08 05 05 02 + 	.byte $10, $08, $08, $05, $05, $02, $02, $00	; "V" {n} 0_1
   298 7838 40 80 80 00 00 00 + 	.byte $40, $80, $80, $00, $00, $00, $00, $00	; "V" {n} 1_1
   299 7840 80 80 40 20 10 08 + 	.byte $80, $80, $40, $20, $10, $08, $05, $02	; "X" {n} 0_0
   300 7848 08 08 10 20 40 80 + 	.byte $08, $08, $10, $20, $40, $80, $00, $00	; "X" {n} 1_0
   301 7850 05 08 10 20 40 80 + 	.byte $05, $08, $10, $20, $40, $80, $80, $00	; "X" {n} 0_1
   302 7858 00 80 40 20 10 08 + 	.byte $00, $80, $40, $20, $10, $08, $08, $00	; "X" {n} 1_1
   303 7860 80 80 40 20 10 08 + 	.byte $80, $80, $40, $20, $10, $08, $05, $02	; "Y" {n} 0_0
   304 7868 08 08 10 20 40 80 + 	.byte $08, $08, $10, $20, $40, $80, $00, $00	; "Y" {n} 1_0
   305 7870 02 02 02 02 02 02 + 	.byte $02, $02, $02, $02, $02, $02, $02, $00	; "Y" {n} 0_1
   306 7878 00 00 00 00 00 00 + 	.byte $00, $00, $00, $00, $00, $00, $00, $00	; "Y" {n} 1_1
   307 7880 FF 00 00 00 00 00 + 	.byte $ff, $00, $00, $00, $00, $00, $01, $02	; "Z" {n} 0_0
   308 7888 F8 08 10 20 40 80 + 	.byte $f8, $08, $10, $20, $40, $80, $00, $00	; "Z" {n} 1_0
   309 7890 04 08 10 20 40 80 + 	.byte $04, $08, $10, $20, $40, $80, $ff, $00	; "Z" {n} 0_1
   310 7898 00 00 00 00 00 00 + 	.byte $00, $00, $00, $00, $00, $00, $f8, $00	; "Z" {n} 1_1
   311 78A0 07 18 20 40 40 80 + 	.byte $07, $18, $20, $40, $40, $80, $82, $82	; "0" {n} 0_0
   312 78A8 00 C0 20 10 10 08 + 	.byte $00, $c0, $20, $10, $10, $08, $08, $08	; "0" {n} 1_0
   313 78B0 82 80 40 40 20 18 + 	.byte $82, $80, $40, $40, $20, $18, $07, $00	; "0" {n} 0_1
   314 78B8 08 08 10 10 20 C0 + 	.byte $08, $08, $10, $10, $20, $c0, $00, $00	; "0" {n} 1_1
   315 78C0 03 05 09 11 21 01 + 	.byte $03, $05, $09, $11, $21, $01, $01, $01	; "1" {n} 0_0
   316 78C8 00 00 00 00 00 00 + 	.byte $00, $00, $00, $00, $00, $00, $00, $00	; "1" {n} 1_0
   317 78D0 01 01 01 01 01 01 + 	.byte $01, $01, $01, $01, $01, $01, $1f, $00	; "1" {n} 0_1
   318 78D8 00 00 00 00 00 00 + 	.byte $00, $00, $00, $00, $00, $00, $f0, $00	; "1" {n} 1_1
   319 78E0 0F 30 40 80 80 00 + 	.byte $0f, $30, $40, $80, $80, $00, $00, $00	; "2" {n} 0_0
   320 78E8 80 60 10 08 08 08 + 	.byte $80, $60, $10, $08, $08, $08, $10, $60	; "2" {n} 1_0
   321 78F0 01 06 18 60 80 80 + 	.byte $01, $06, $18, $60, $80, $80, $ff, $00	; "2" {n} 0_1
   322 78F8 80 00 00 00 00 00 + 	.byte $80, $00, $00, $00, $00, $00, $f8, $00	; "2" {n} 1_1
   323 7900 0F 30 40 80 80 00 + 	.byte $0f, $30, $40, $80, $80, $00, $00, $01	; "3" {n} 0_0
   324 7908 80 60 10 08 08 08 + 	.byte $80, $60, $10, $08, $08, $08, $10, $e0	; "3" {n} 1_0
   325 7910 00 00 80 80 40 30 + 	.byte $00, $00, $80, $80, $40, $30, $0f, $00	; "3" {n} 0_1
   326 7918 10 08 08 08 10 60 + 	.byte $10, $08, $08, $08, $10, $60, $80, $00	; "3" {n} 1_1
   327 7920 01 02 04 08 10 20 + 	.byte $01, $02, $04, $08, $10, $20, $40, $ff	; "4" {n} 0_0
   328 7928 C0 40 40 40 40 40 + 	.byte $c0, $40, $40, $40, $40, $40, $40, $f8	; "4" {n} 1_0
   329 7930 00 00 00 00 00 00 + 	.byte $00, $00, $00, $00, $00, $00, $00, $00	; "4" {n} 0_1
   330 7938 40 40 40 40 40 40 + 	.byte $40, $40, $40, $40, $40, $40, $40, $00	; "4" {n} 1_1
   331 7940 FF 80 80 80 80 80 + 	.byte $ff, $80, $80, $80, $80, $80, $9f, $e0	; "5" {n} 0_0
   332 7948 F8 00 00 00 00 00 + 	.byte $f8, $00, $00, $00, $00, $00, $80, $60	; "5" {n} 1_0
   333 7950 00 00 00 80 40 30 + 	.byte $00, $00, $00, $80, $40, $30, $0f, $00	; "5" {n} 0_1
   334 7958 10 08 08 08 10 60 + 	.byte $10, $08, $08, $08, $10, $60, $80, $00	; "5" {n} 1_1
   335 7960 07 18 20 40 40 80 + 	.byte $07, $18, $20, $40, $40, $80, $8f, $b0	; "6" {n} 0_0
   336 7968 80 60 10 08 08 00 + 	.byte $80, $60, $10, $08, $08, $00, $80, $60	; "6" {n} 1_0
   337 7970 C0 80 80 80 40 30 + 	.byte $c0, $80, $80, $80, $40, $30, $0f, $00	; "6" {n} 0_1
   338 7978 10 08 08 08 10 60 + 	.byte $10, $08, $08, $08, $10, $60, $80, $00	; "6" {n} 1_1
   339 7980 FF 00 00 00 00 00 + 	.byte $ff, $00, $00, $00, $00, $00, $01, $02	; "7" {n} 0_0
   340 7988 F8 08 10 20 40 80 + 	.byte $f8, $08, $10, $20, $40, $80, $00, $00	; "7" {n} 1_0
   341 7990 04 04 04 04 04 04 + 	.byte $04, $04, $04, $04, $04, $04, $04, $00	; "7" {n} 0_1
   342 7998 00 00 00 00 00 00 + 	.byte $00, $00, $00, $00, $00, $00, $00, $00	; "7" {n} 1_1
   343 79A0 0F 30 40 80 80 40 + 	.byte $0f, $30, $40, $80, $80, $40, $30, $0f	; "8" {n} 0_0
   344 79A8 80 60 10 08 08 10 + 	.byte $80, $60, $10, $08, $08, $10, $60, $80	; "8" {n} 1_0
   345 79B0 30 40 80 80 40 30 + 	.byte $30, $40, $80, $80, $40, $30, $0f, $00	; "8" {n} 0_1
   346 79B8 60 10 08 08 10 60 + 	.byte $60, $10, $08, $08, $10, $60, $80, $00	; "8" {n} 1_1
   347 79C0 0F 30 40 80 80 80 + 	.byte $0f, $30, $40, $80, $80, $80, $40, $30	; "9" {n} 0_0
   348 79C8 80 60 10 08 08 08 + 	.byte $80, $60, $10, $08, $08, $08, $18, $68	; "9" {n} 1_0
   349 79D0 0F 00 80 80 40 30 + 	.byte $0f, $00, $80, $80, $40, $30, $0f, $00	; "9" {n} 0_1
   350 79D8 88 08 10 10 20 C0 + 	.byte $88, $08, $10, $10, $20, $c0, $00, $00	; "9" {n} 1_1
   351 79E0 FF C0 C0 C0 C0 C0 + 	.byte $ff, $c0, $c0, $c0, $c0, $c0, $c0, $ff	; "B" {b} 0_0
   352 79E8 80 E0 30 18 18 30 + 	.byte $80, $e0, $30, $18, $18, $30, $e0, $80	; "B" {b} 1_0
   353 79F0 C0 C0 C0 C0 C0 C0 + 	.byte $c0, $c0, $c0, $c0, $c0, $c0, $ff, $00	; "B" {b} 0_1
   354 79F8 E0 30 18 18 30 E0 + 	.byte $e0, $30, $18, $18, $30, $e0, $80, $00	; "B" {b} 1_1
   355 7A00 FF C1 C0 C0 C0 C0 + 	.byte $ff, $c1, $c0, $c0, $c0, $c0, $c0, $c0	; "D" {b} 0_0
   356 7A08 00 C0 60 30 30 18 + 	.byte $00, $c0, $60, $30, $30, $18, $18, $18	; "D" {b} 1_0
   357 7A10 C0 C0 C0 C0 C0 C1 + 	.byte $c0, $c0, $c0, $c0, $c0, $c1, $ff, $00	; "D" {b} 0_1
   358 7A18 18 18 30 30 60 C0 + 	.byte $18, $18, $30, $30, $60, $c0, $00, $00	; "D" {b} 1_1
   359 7A20 FF C0 C0 C0 C0 C0 + 	.byte $ff, $c0, $c0, $c0, $c0, $c0, $c0, $ff	; "F" {b} 0_0
   360 7A28 F8 00 00 00 00 00 + 	.byte $f8, $00, $00, $00, $00, $00, $00, $e0	; "F" {b} 1_0
   361 7A30 C0 C0 C0 C0 C0 C0 + 	.byte $c0, $c0, $c0, $c0, $c0, $c0, $c0, $00	; "F" {b} 0_1
   362 7A38 00 00 00 00 00 00 + 	.byte $00, $00, $00, $00, $00, $00, $00, $00	; "F" {b} 1_1
   363 7A40 07 1C 30 60 60 C0 + 	.byte $07, $1c, $30, $60, $60, $c0, $c0, $c1	; "G" {b} 0_0
   364 7A48 80 E0 30 18 18 00 + 	.byte $80, $e0, $30, $18, $18, $00, $00, $f8	; "G" {b} 1_0
   365 7A50 C0 C0 60 60 30 1C + 	.byte $c0, $c0, $60, $60, $30, $1c, $07, $00	; "G" {b} 0_1
   366 7A58 18 18 18 18 30 E0 + 	.byte $18, $18, $18, $18, $30, $e0, $80, $00	; "G" {b} 1_1
   367 7A60 C0 C0 C0 C0 C0 C0 + 	.byte $c0, $c0, $c0, $c0, $c0, $c0, $c0, $ff	; "H" {b} 0_0
   368 7A68 18 18 18 18 18 18 + 	.byte $18, $18, $18, $18, $18, $18, $18, $f8	; "H" {b} 1_0
   369 7A70 C0 C0 C0 C0 C0 C0 + 	.byte $c0, $c0, $c0, $c0, $c0, $c0, $c0, $00	; "H" {b} 0_1
   370 7A78 18 18 18 18 18 18 + 	.byte $18, $18, $18, $18, $18, $18, $18, $00	; "H" {b} 1_1
   371 7A80 3F 03 03 03 03 03 + 	.byte $3f, $03, $03, $03, $03, $03, $03, $03	; "I" {b} 0_0
   372 7A88 F0 00 00 00 00 00 + 	.byte $f0, $00, $00, $00, $00, $00, $00, $00	; "I" {b} 1_0
   373 7A90 03 03 03 03 03 03 + 	.byte $03, $03, $03, $03, $03, $03, $3f, $00	; "I" {b} 0_1
   374 7A98 00 00 00 00 00 00 + 	.byte $00, $00, $00, $00, $00, $00, $f0, $00	; "I" {b} 1_1
   375 7AA0 FF 00 00 00 00 00 + 	.byte $ff, $00, $00, $00, $00, $00, $00, $00	; "J" {b} 0_0
   376 7AA8 F8 18 18 18 18 18 + 	.byte $f8, $18, $18, $18, $18, $18, $18, $18	; "J" {b} 1_0
   377 7AB0 00 00 C0 C0 60 39 + 	.byte $00, $00, $c0, $c0, $60, $39, $0f, $00	; "J" {b} 0_1
   378 7AB8 18 18 30 30 60 C0 + 	.byte $18, $18, $30, $30, $60, $c0, $00, $00	; "J" {b} 1_1
   379 7AC0 C0 E0 F0 D8 CD C7 + 	.byte $c0, $e0, $f0, $d8, $cd, $c7, $c2, $c0	; "M" {b} 0_0
   380 7AC8 18 38 78 D8 98 18 + 	.byte $18, $38, $78, $d8, $98, $18, $18, $18	; "M" {b} 1_0
   381 7AD0 C0 C0 C0 C0 C0 C0 + 	.byte $c0, $c0, $c0, $c0, $c0, $c0, $c0, $00	; "M" {b} 0_1
   382 7AD8 18 18 18 18 18 18 + 	.byte $18, $18, $18, $18, $18, $18, $18, $00	; "M" {b} 1_1
   383 7AE0 C0 C0 E0 F0 D8 CC + 	.byte $c0, $c0, $e0, $f0, $d8, $cc, $c6, $c3	; "N" {b} 0_0
   384 7AE8 18 18 18 18 18 18 + 	.byte $18, $18, $18, $18, $18, $18, $18, $18	; "N" {b} 1_0
   385 7AF0 C1 C0 C0 C0 C0 C0 + 	.byte $c1, $c0, $c0, $c0, $c0, $c0, $c0, $00	; "N" {b} 0_1
   386 7AF8 98 D8 78 38 18 18 + 	.byte $98, $d8, $78, $38, $18, $18, $18, $00	; "N" {b} 1_1
   387 7B00 07 1D 30 60 60 C0 + 	.byte $07, $1d, $30, $60, $60, $c0, $c0, $c0	; "Q" {b} 0_0
   388 7B08 00 C0 60 30 30 18 + 	.byte $00, $c0, $60, $30, $30, $18, $18, $18	; "Q" {b} 1_0
   389 7B10 C0 C0 61 60 30 1D + 	.byte $c0, $c0, $61, $60, $30, $1d, $07, $00	; "Q" {b} 0_1
   390 7B18 18 18 B0 F0 60 F0 + 	.byte $18, $18, $b0, $f0, $60, $f0, $18, $00	; "Q" {b} 1_1
   391 7B20 7F 03 03 03 03 03 + 	.byte $7f, $03, $03, $03, $03, $03, $03, $03	; "T" {b} 0_0
   392 7B28 F8 00 00 00 00 00 + 	.byte $f8, $00, $00, $00, $00, $00, $00, $00	; "T" {b} 1_0
   393 7B30 03 03 03 03 03 03 + 	.byte $03, $03, $03, $03, $03, $03, $03, $00	; "T" {b} 0_1
   394 7B38 00 00 00 00 00 00 + 	.byte $00, $00, $00, $00, $00, $00, $00, $00	; "T" {b} 1_1
   395 7B40 C0 C0 C0 C0 C0 C0 + 	.byte $c0, $c0, $c0, $c0, $c0, $c0, $c0, $c0	; "U" {b} 0_0
   396 7B48 18 18 18 18 18 18 + 	.byte $18, $18, $18, $18, $18, $18, $18, $18	; "U" {b} 1_0
   397 7B50 C0 C0 60 60 30 1D + 	.byte $c0, $c0, $60, $60, $30, $1d, $07, $00	; "U" {b} 0_1
   398 7B58 18 18 30 30 60 C0 + 	.byte $18, $18, $30, $30, $60, $c0, $00, $00	; "U" {b} 1_1
   399 7B60 C0 C0 C0 60 60 30 + 	.byte $c0, $c0, $c0, $60, $60, $30, $30, $18	; "V" {b} 0_0
   400 7B68 18 18 18 30 30 60 + 	.byte $18, $18, $18, $30, $30, $60, $60, $c0	; "V" {b} 1_0
   401 7B70 18 0D 0D 07 07 02 + 	.byte $18, $0d, $0d, $07, $07, $02, $02, $00	; "V" {b} 0_1
   402 7B78 C0 80 80 00 00 00 + 	.byte $c0, $80, $80, $00, $00, $00, $00, $00	; "V" {b} 1_1
   403 7B80 C0 C0 C0 C2 C2 C7 + 	.byte $c0, $c0, $c0, $c2, $c2, $c7, $c7, $cd	; "W" {b} 0_0
   404 7B88 18 18 18 18 18 18 + 	.byte $18, $18, $18, $18, $18, $18, $18, $98	; "W" {b} 1_0
   405 7B90 CD D8 D8 F0 F0 E0 + 	.byte $cd, $d8, $d8, $f0, $f0, $e0, $c0, $00	; "W" {b} 0_1
   406 7B98 98 D8 D8 78 78 38 + 	.byte $98, $d8, $d8, $78, $78, $38, $18, $00	; "W" {b} 1_1
   407 7BA0 C0 C0 60 30 18 0D + 	.byte $c0, $c0, $60, $30, $18, $0d, $07, $07	; "X" {b} 0_0
   408 7BA8 18 18 30 60 C0 80 + 	.byte $18, $18, $30, $60, $c0, $80, $00, $00	; "X" {b} 1_0
   409 7BB0 07 0D 18 30 60 C0 + 	.byte $07, $0d, $18, $30, $60, $c0, $c0, $00	; "X" {b} 0_1
   410 7BB8 00 80 C0 60 30 18 + 	.byte $00, $80, $c0, $60, $30, $18, $18, $00	; "X" {b} 1_1
   411 7BC0 60 60 60 30 18 0C + 	.byte $60, $60, $60, $30, $18, $0c, $07, $03	; "Y" {b} 0_0
   412 7BC8 18 18 18 30 60 C0 + 	.byte $18, $18, $18, $30, $60, $c0, $80, $00	; "Y" {b} 1_0
   413 7BD0 03 03 03 03 03 03 + 	.byte $03, $03, $03, $03, $03, $03, $03, $00	; "Y" {b} 0_1
   414 7BD8 00 00 00 00 00 00 + 	.byte $00, $00, $00, $00, $00, $00, $00, $00	; "Y" {b} 1_1
   415 7BE0 FF 00 00 00 00 01 + 	.byte $ff, $00, $00, $00, $00, $01, $03, $06	; "Z" {b} 0_0
   416 7BE8 F8 18 30 60 C0 80 + 	.byte $f8, $18, $30, $60, $c0, $80, $00, $00	; "Z" {b} 1_0
   417 7BF0 0C 18 30 60 C0 C0 + 	.byte $0c, $18, $30, $60, $c0, $c0, $ff, $00	; "Z" {b} 0_1
   418 7BF8 00 00 00 00 00 00 + 	.byte $00, $00, $00, $00, $00, $00, $f8, $00	; "Z" {b} 1_1
   419 7C00 07 1D 30 60 60 C0 + 	.byte $07, $1d, $30, $60, $60, $c0, $c2, $c2	; "0" {b} 0_0
   420 7C08 00 C0 60 30 30 18 + 	.byte $00, $c0, $60, $30, $30, $18, $18, $18	; "0" {b} 1_0
   421 7C10 C2 C0 60 60 30 1D + 	.byte $c2, $c0, $60, $60, $30, $1d, $07, $00	; "0" {b} 0_1
   422 7C18 18 18 30 30 60 C0 + 	.byte $18, $18, $30, $30, $60, $c0, $00, $00	; "0" {b} 1_1
   423 7C20 03 07 0F 1B 33 03 + 	.byte $03, $07, $0f, $1b, $33, $03, $03, $03	; "1" {b} 0_0
   424 7C28 00 00 00 00 00 00 + 	.byte $00, $00, $00, $00, $00, $00, $00, $00	; "1" {b} 1_0
   425 7C30 03 03 03 03 03 03 + 	.byte $03, $03, $03, $03, $03, $03, $3f, $00	; "1" {b} 0_1
   426 7C38 00 00 00 00 00 00 + 	.byte $00, $00, $00, $00, $00, $00, $f0, $00	; "1" {b} 1_1
   427 7C40 0F 38 60 C0 C0 00 + 	.byte $0f, $38, $60, $c0, $c0, $00, $00, $00	; "2" {b} 0_0
   428 7C48 80 E0 30 18 18 18 + 	.byte $80, $e0, $30, $18, $18, $18, $30, $e0	; "2" {b} 1_0
   429 7C50 03 0E 38 60 C0 C0 + 	.byte $03, $0e, $38, $60, $c0, $c0, $ff, $00	; "2" {b} 0_1
   430 7C58 80 00 00 00 00 00 + 	.byte $80, $00, $00, $00, $00, $00, $f8, $00	; "2" {b} 1_1
   431 7C60 0F 38 60 C0 C0 00 + 	.byte $0f, $38, $60, $c0, $c0, $00, $00, $03	; "3" {b} 0_0
   432 7C68 80 E0 30 18 18 18 + 	.byte $80, $e0, $30, $18, $18, $18, $30, $e0	; "3" {b} 1_0
   433 7C70 00 00 C0 C0 60 38 + 	.byte $00, $00, $c0, $c0, $60, $38, $0f, $00	; "3" {b} 0_1
   434 7C78 30 18 18 18 30 E0 + 	.byte $30, $18, $18, $18, $30, $e0, $80, $00	; "3" {b} 1_1
   435 7C80 03 06 0C 18 30 60 + 	.byte $03, $06, $0c, $18, $30, $60, $c0, $ff	; "4" {b} 0_0
   436 7C88 C0 C0 C0 C0 C0 C0 + 	.byte $c0, $c0, $c0, $c0, $c0, $c0, $c0, $f8	; "4" {b} 1_0
   437 7C90 00 00 00 00 00 00 + 	.byte $00, $00, $00, $00, $00, $00, $00, $00	; "4" {b} 0_1
   438 7C98 C0 C0 C0 C0 C0 C0 + 	.byte $c0, $c0, $c0, $c0, $c0, $c0, $c0, $00	; "4" {b} 1_1
   439 7CA0 FF C0 C0 C0 C0 C0 + 	.byte $ff, $c0, $c0, $c0, $c0, $c0, $cf, $f0	; "5" {b} 0_0
   440 7CA8 F8 00 00 00 00 00 + 	.byte $f8, $00, $00, $00, $00, $00, $80, $e0	; "5" {b} 1_0
   441 7CB0 00 00 00 C0 60 38 + 	.byte $00, $00, $00, $c0, $60, $38, $0f, $00	; "5" {b} 0_1
   442 7CB8 30 18 18 18 30 E0 + 	.byte $30, $18, $18, $18, $30, $e0, $80, $00	; "5" {b} 1_1
   443 7CC0 07 1C 30 60 60 C0 + 	.byte $07, $1c, $30, $60, $60, $c0, $cf, $f8	; "6" {b} 0_0
   444 7CC8 80 E0 30 18 18 00 + 	.byte $80, $e0, $30, $18, $18, $00, $80, $e0	; "6" {b} 1_0
   445 7CD0 E0 C0 C0 C0 60 38 + 	.byte $e0, $c0, $c0, $c0, $60, $38, $0f, $00	; "6" {b} 0_1
   446 7CD8 30 18 18 18 30 E0 + 	.byte $30, $18, $18, $18, $30, $e0, $80, $00	; "6" {b} 1_1
   447 7CE0 FF 00 00 00 00 01 + 	.byte $ff, $00, $00, $00, $00, $01, $03, $06	; "7" {b} 0_0
   448 7CE8 F8 18 30 60 C0 80 + 	.byte $f8, $18, $30, $60, $c0, $80, $00, $00	; "7" {b} 1_0
   449 7CF0 0C 0C 0C 0C 0C 0C + 	.byte $0c, $0c, $0c, $0c, $0c, $0c, $0c, $00	; "7" {b} 0_1
   450 7CF8 00 00 00 00 00 00 + 	.byte $00, $00, $00, $00, $00, $00, $00, $00	; "7" {b} 1_1
   451 7D00 0F 38 60 C0 C0 60 + 	.byte $0f, $38, $60, $c0, $c0, $60, $38, $0f	; "8" {b} 0_0
   452 7D08 80 E0 30 18 18 30 + 	.byte $80, $e0, $30, $18, $18, $30, $e0, $80	; "8" {b} 1_0
   453 7D10 38 60 C0 C0 60 38 + 	.byte $38, $60, $c0, $c0, $60, $38, $0f, $00	; "8" {b} 0_1
   454 7D18 E0 30 18 18 30 E0 + 	.byte $e0, $30, $18, $18, $30, $e0, $80, $00	; "8" {b} 1_1
   455 7D20 0F 38 60 C0 C0 C0 + 	.byte $0f, $38, $60, $c0, $c0, $c0, $60, $38	; "9" {b} 0_0
   456 7D28 80 E0 30 18 18 18 + 	.byte $80, $e0, $30, $18, $18, $18, $38, $f8	; "9" {b} 1_0
   457 7D30 0F 00 C0 C0 60 39 + 	.byte $0f, $00, $c0, $c0, $60, $39, $0f, $00	; "9" {b} 0_1
   458 7D38 98 18 30 30 60 C0 + 	.byte $98, $18, $30, $30, $60, $c0, $00, $00	; "9" {b} 1_1
   459 7D40 0F 10 20 40 C0 C0 + 	.byte $0f, $10, $20, $40, $c0, $c0, $c1, $c2	; "0" {slop} 0_0
   460 7D48 80 40 20 10 08 88 + 	.byte $80, $40, $20, $10, $08, $88, $08, $08	; "0" {slop} 1_0
   461 7D50 C4 C8 C0 40 20 10 + 	.byte $c4, $c8, $c0, $40, $20, $10, $0f, $00	; "0" {slop} 0_1
   462 7D58 08 08 08 10 20 40 + 	.byte $08, $08, $08, $10, $20, $40, $80, $00	; "0" {slop} 1_1
   463 7D60 01 03 07 0B 13 23 + 	.byte $01, $03, $07, $0b, $13, $23, $03, $03	; "1" {slop} 0_0
   464 7D68 00 00 00 00 00 00 + 	.byte $00, $00, $00, $00, $00, $00, $00, $00	; "1" {slop} 1_0
   465 7D70 03 03 03 03 03 03 + 	.byte $03, $03, $03, $03, $03, $03, $1f, $00	; "1" {slop} 0_1
   466 7D78 00 00 00 00 00 00 + 	.byte $00, $00, $00, $00, $00, $00, $e0, $00	; "1" {slop} 1_1
   467 7D80 0F 10 20 40 80 00 + 	.byte $0f, $10, $20, $40, $80, $00, $00, $00	; "2" {slop} 0_0
   468 7D88 80 40 20 10 18 18 + 	.byte $80, $40, $20, $10, $18, $18, $18, $30	; "2" {slop} 1_0
   469 7D90 00 03 0C 30 C0 C0 + 	.byte $00, $03, $0c, $30, $c0, $c0, $ff, $00	; "2" {slop} 0_1
   470 7D98 C0 00 00 00 00 00 + 	.byte $c0, $00, $00, $00, $00, $00, $f8, $00	; "2" {slop} 1_1
   471 7DA0 0F 10 20 40 80 00 + 	.byte $0f, $10, $20, $40, $80, $00, $00, $07	; "3" {slop} 0_0
   472 7DA8 80 40 20 10 18 18 + 	.byte $80, $40, $20, $10, $18, $18, $10, $e0	; "3" {slop} 1_0
   473 7DB0 00 00 80 40 20 10 + 	.byte $00, $00, $80, $40, $20, $10, $0f, $00	; "3" {slop} 0_1
   474 7DB8 10 18 18 10 20 40 + 	.byte $10, $18, $18, $10, $20, $40, $80, $00	; "3" {slop} 1_1
   475 7DC0 01 02 04 08 10 20 + 	.byte $01, $02, $04, $08, $10, $20, $40, $ff	; "4" {slop} 0_0
   476 7DC8 E0 60 60 60 60 60 + 	.byte $e0, $60, $60, $60, $60, $60, $60, $f8	; "4" {slop} 1_0
   477 7DD0 00 00 00 00 00 00 + 	.byte $00, $00, $00, $00, $00, $00, $00, $00	; "4" {slop} 0_1
   478 7DD8 60 60 60 60 60 60 + 	.byte $60, $60, $60, $60, $60, $60, $60, $00	; "4" {slop} 1_1
   479 7DE0 FF C0 C0 C0 C0 C0 + 	.byte $ff, $c0, $c0, $c0, $c0, $c0, $40, $3f	; "5" {slop} 0_0
   480 7DE8 F8 00 00 00 00 00 + 	.byte $f8, $00, $00, $00, $00, $00, $00, $c0	; "5" {slop} 1_0
   481 7DF0 00 00 00 80 40 20 + 	.byte $00, $00, $00, $80, $40, $20, $1f, $00	; "5" {slop} 0_1
   482 7DF8 20 10 08 10 20 40 + 	.byte $20, $10, $08, $10, $20, $40, $80, $00	; "5" {slop} 1_1
   483 7E00 0F 10 20 40 C0 C0 + 	.byte $0f, $10, $20, $40, $c0, $c0, $c0, $ff	; "6" {slop} 0_0
   484 7E08 C0 20 10 08 00 00 + 	.byte $c0, $20, $10, $08, $00, $00, $00, $c0	; "6" {slop} 1_0
   485 7E10 C0 C0 C0 40 20 10 + 	.byte $c0, $c0, $c0, $40, $20, $10, $0f, $00	; "6" {slop} 0_1
   486 7E18 20 10 08 10 20 40 + 	.byte $20, $10, $08, $10, $20, $40, $80, $00	; "6" {slop} 1_1
   487 7E20 FF 00 00 00 00 00 + 	.byte $ff, $00, $00, $00, $00, $00, $00, $00	; "7" {slop} 0_0
   488 7E28 F8 18 18 18 18 10 + 	.byte $f8, $18, $18, $18, $18, $10, $20, $40	; "7" {slop} 1_0
   489 7E30 00 01 02 02 02 02 + 	.byte $00, $01, $02, $02, $02, $02, $02, $00	; "7" {slop} 0_1
   490 7E38 80 00 00 00 00 00 + 	.byte $80, $00, $00, $00, $00, $00, $00, $00	; "7" {slop} 1_1
   491 7E40 1F 20 40 C0 C0 C0 + 	.byte $1f, $20, $40, $c0, $c0, $c0, $40, $3f	; "8" {slop} 0_0
   492 7E48 C0 20 10 08 08 08 + 	.byte $c0, $20, $10, $08, $08, $08, $10, $e0	; "8" {slop} 1_0
   493 7E50 40 C0 C0 C0 40 20 + 	.byte $40, $c0, $c0, $c0, $40, $20, $1f, $00	; "8" {slop} 0_1
   494 7E58 10 08 08 08 10 20 + 	.byte $10, $08, $08, $08, $10, $20, $c0, $00	; "8" {slop} 1_1
   495 7E60 0F 10 20 40 80 40 + 	.byte $0f, $10, $20, $40, $80, $40, $20, $1f	; "9" {slop} 0_0
   496 7E68 80 40 20 10 18 18 + 	.byte $80, $40, $20, $10, $18, $18, $18, $f8	; "9" {slop} 1_0
   497 7E70 00 00 00 00 80 40 + 	.byte $00, $00, $00, $00, $80, $40, $20, $1f	; "9" {slop} 0_1
   498 7E78 18 18 18 18 10 20 + 	.byte $18, $18, $18, $18, $10, $20, $40, $80	; "9" {slop} 1_1
   499 7E80 00 00 00 00 00 00 + 	.byte $00, $00, $00, $00, $00, $00, $00, $00	; "." {slop} 0_0
   500 7E88 00 00 00 00 00 00 + 	.byte $00, $00, $00, $00, $00, $00, $00, $00	; "." {slop} 1_0
   501 7E90 00 00 00 00 30 78 + 	.byte $00, $00, $00, $00, $30, $78, $30, $00	; "." {slop} 0_1
   502 7E98 00 00 00 00 00 00 + 	.byte $00, $00, $00, $00, $00, $00, $00, $00	; "." {slop} 1_1
   503 7EA0 00 00 00 00 00 00 + 	.byte $00, $00, $00, $00, $00, $00, $00, $00	; "," {slop} 0_0
   504 7EA8 00 00 00 00 00 00 + 	.byte $00, $00, $00, $00, $00, $00, $00, $00	; "," {slop} 1_0
   505 7EB0 00 00 0C 1C 38 70 + 	.byte $00, $00, $0c, $1c, $38, $70, $60, $00	; "," {slop} 0_1
   506 7EB8 00 00 00 00 00 00 + 	.byte $00, $00, $00, $00, $00, $00, $00, $00	; "," {slop} 1_1
   507 7EC0 00 00 00 00 00 00 + 	.byte $00, $00, $00, $00, $00, $00, $00, $30	; ":" {slop} 0_0
   508 7EC8 00 00 00 00 00 00 + 	.byte $00, $00, $00, $00, $00, $00, $00, $00	; ":" {slop} 1_0
   509 7ED0 78 30 00 00 30 78 + 	.byte $78, $30, $00, $00, $30, $78, $30, $00	; ":" {slop} 0_1
   510 7ED8 00 00 00 00 00 00 + 	.byte $00, $00, $00, $00, $00, $00, $00, $00	; ":" {slop} 1_1
   511 7EE0 00 00 00 00 00 00 + 	.byte $00, $00, $00, $00, $00, $00, $00, $00	; "_" {slop} 0_0
   512 7EE8 00 00 00 00 00 00 + 	.byte $00, $00, $00, $00, $00, $00, $00, $00	; "_" {slop} 1_0
   513 7EF0 00 00 00 00 00 3F + 	.byte $00, $00, $00, $00, $00, $3f, $3f, $00	; "_" {slop} 0_1
   514 7EF8 00 00 00 00 00 E0 + 	.byte $00, $00, $00, $00, $00, $e0, $e0, $00	; "_" {slop} 1_1
   515 7F00 1F 20 40 80 00 00 + 	.byte $1f, $20, $40, $80, $00, $00, $01, $03	; "?" {slop} 0_0
   516 7F08 C0 20 10 08 10 20 + 	.byte $c0, $20, $10, $08, $10, $20, $c0, $00	; "?" {slop} 1_0
   517 7F10 03 03 00 00 03 07 + 	.byte $03, $03, $00, $00, $03, $07, $03, $00	; "?" {slop} 0_1
   518 7F18 00 00 00 00 00 80 + 	.byte $00, $00, $00, $00, $00, $80, $00, $00	; "?" {slop} 1_1
   519 7F20 18 18 18 0C 0C 0C + 	.byte $18, $18, $18, $0c, $0c, $0c, $06, $06	; "\" {slop} 0_0
   520 7F28 00 00 00 00 00 00 + 	.byte $00, $00, $00, $00, $00, $00, $00, $00	; "\" {slop} 1_0
   521 7F30 06 03 03 03 01 01 + 	.byte $06, $03, $03, $03, $01, $01, $01, $00	; "\" {slop} 0_1
   522 7F38 00 00 00 00 80 80 + 	.byte $00, $00, $00, $00, $80, $80, $80, $00	; "\" {slop} 1_1
   523 7F40 01 01 01 03 03 03 + 	.byte $01, $01, $01, $03, $03, $03, $06, $06	; "/" {slop} 0_0
   524 7F48 80 80 80 00 00 00 + 	.byte $80, $80, $80, $00, $00, $00, $00, $00	; "/" {slop} 1_0
   525 7F50 06 0C 0C 0C 18 18 + 	.byte $06, $0c, $0c, $0c, $18, $18, $18, $00	; "/" {slop} 0_1
   526 7F58 00 00 00 00 00 00 + 	.byte $00, $00, $00, $00, $00, $00, $00, $00	; "/" {slop} 1_1
   527 7F60 38 38 38 38 10 00 + 	.byte $38, $38, $38, $38, $10, $00, $00, $00	; """ {slop} 0_0
   528 7F68 E0 E0 E0 E0 40 00 + 	.byte $e0, $e0, $e0, $e0, $40, $00, $00, $00	; """ {slop} 1_0
   529 7F70 00 00 00 00 00 00 + 	.byte $00, $00, $00, $00, $00, $00, $00, $00	; """ {slop} 0_1
   530 7F78 00 00 00 00 00 00 + 	.byte $00, $00, $00, $00, $00, $00, $00, $00	; """ {slop} 1_1
   531 7F80 07 07 07 07 02 00 + 	.byte $07, $07, $07, $07, $02, $00, $00, $00	; "'" {slop} 0_0
   532 7F88 00 00 00 00 00 00 + 	.byte $00, $00, $00, $00, $00, $00, $00, $00	; "'" {slop} 1_0
   533 7F90 00 00 00 00 00 00 + 	.byte $00, $00, $00, $00, $00, $00, $00, $00	; "'" {slop} 0_1
   534 7F98 00 00 00 00 00 00 + 	.byte $00, $00, $00, $00, $00, $00, $00, $00	; "'" {slop} 1_1
   535 7FA0 00 01 02 04 0C 0C + 	.byte $00, $01, $02, $04, $0c, $0c, $0c, $0c	; "(" {slop} 0_0
   536 7FA8 80 00 00 00 00 00 + 	.byte $80, $00, $00, $00, $00, $00, $00, $00	; "(" {slop} 1_0
   537 7FB0 0C 0C 0C 04 02 01 + 	.byte $0c, $0c, $0c, $04, $02, $01, $00, $00	; "(" {slop} 0_1
   538 7FB8 00 00 00 00 00 00 + 	.byte $00, $00, $00, $00, $00, $00, $80, $00	; "(" {slop} 1_1
   539 7FC0 08 04 02 01 01 01 + 	.byte $08, $04, $02, $01, $01, $01, $01, $01	; ")" {slop} 0_0
   540 7FC8 00 00 00 00 80 80 + 	.byte $00, $00, $00, $00, $80, $80, $80, $80	; ")" {slop} 1_0
   541 7FD0 01 01 01 01 02 04 + 	.byte $01, $01, $01, $01, $02, $04, $08, $00	; ")" {slop} 0_1
   542 7FD8 80 80 80 00 00 00 + 	.byte $80, $80, $80, $00, $00, $00, $00, $00	; ")" {slop} 1_1
   543 7FE0 00 00 00 30 78 30 + 	.byte $00, $00, $00, $30, $78, $30, $01, $03	; "%" {slop} 0_0
   544 7FE8 00 00 00 30 60 C0 + 	.byte $00, $00, $00, $30, $60, $c0, $80, $00	; "%" {slop} 1_0
   545 7FF0 06 0C 18 30 60 00 + 	.byte $06, $0c, $18, $30, $60, $00, $00, $00	; "%" {slop} 0_1
   546 7FF8 00 00 60 F0 60 00 + 	.byte $00, $00, $60, $f0, $60, $00, $00, $00	; "%" {slop} 1_1
   547 8000			fontsen
